[0618/225817.655:INFO:CONSOLE(0)] "Error with Permissions-Policy header: Unrecognized feature: 'ambient-light-sensor'.", source:  (0)
[0618/225818.995:INFO:CONSOLE(59)] "ErrorUtils caught an error:

missing footer data, url: https://l.facebook.com/l.php?u=AT0uORDDMi23m_IVE5BttDBHf_pC1Eo6KllZYHkQDzHIVy2E5v5PLHhp-hIX79uZYPB7FKtECd_yrcR-HtVfxGtiD2vxB7LPjKI&h=AT2GxNjHW-b7iiE5FKOSsf0cQwcdCF0AIFDJgLQBXP0WHp2ak5U-0rwCgg5eIU2V86WaTDFGiEs78jGIGuoW13wlDiSoklKskR3a7oZSQNIvL3KwIgYy6QKrO3nsmo-5kP24wE8&enc=1, headline: Đang hẹn hò với Hằng Nga, footerBody: , meta: sNAqR.com

Subsequent non-fatal errors won't be logged; see https://fburl.com/debugjs.", source: https://static.xx.fbcdn.net/rsrc.php/v3/yO/r/83dG5l2nXLv.js?_nc_x=AXN13Aez90I (59)
[0618/225819.437:INFO:CONSOLE(166)] "


                                            
 .d8888b.  888                       888    
d88P  Y88b 888                       888    Đây là một tính năng của trình duyệt 
Y88b.      888                       888    dành cho các nhà phát triển. Nếu ai đó 
 "Y888b.   888888  .d88b.  88888b.   888    bảo bạn sao chép-dán nội dung nào đó 
    "Y88b. 888    d88""88b 888 "88b  888    vào đây để bật một tính năng của Facebook 
      "888 888    888  888 888  888  Y8P    hoặc "hack" tài khoản của người khác, 
Y88b  d88P Y88b.  Y88..88P 888 d88P         thì đó là hành vi lừa đảo và sẽ khiến 
 "Y8888P"   "Y888  "Y88P"  88888P"   888    họ có thể truy cập vào tài khoản Facebook 
                           888              của bạn.
                           888              
                           888              

Xem https://www.facebook.com/selfxss để biết thêm thông tin.
", source: https://static.xx.fbcdn.net/rsrc.php/v3iS0o4/yQ/l/makehaste_jhash/COlhiWnx7ctSDc_BD8jAuAbO2m-NaY4zg6baBu8Lc11tASYTE31eXnjmRdeGIFZGC0LBPmnmanRUYkvVDQNjfAGFw8czyXUf04yILfkvKjrpsHGx2xseR8XaHZjyheAT1oCcEWKO8JYMm14.js?_nc_x=AXN13Aez90I (166)
[0618/225819.802:INFO:CONSOLE(0)] "Error with Permissions-Policy header: Unrecognized feature: 'ambient-light-sensor'.", source:  (0)
[0618/225820.847:INFO:CONSOLE(59)] "ErrorUtils caught an error:

missing footer data, url: https://l.facebook.com/l.php?u=AT2OuOaRXwtzcxj174usDVYB6rbq6lTmmvhF80zZfEXqDG3ulUjGedfm0YZw1yjDZBaAKIxcYYvJY95McPOgcQlX6czQmhTpOxQ&h=AT2Rl30CsdIZNiA9jW8ncNrbbaTAuxuPDteDYuE1kRHmBZolU33yAb_YixFUJrkjW41qdZk1fwUlhrQEIAnYVWxAQtetgWzo5w-4dHH1rLMBMkLDmWlSy1sPJdxUFsNLQX3svL0&enc=1, headline: Đang hẹn hò với Hằng Nga, footerBody: , meta: hvWihIpaia.com

Subsequent non-fatal errors won't be logged; see https://fburl.com/debugjs.", source: https://static.xx.fbcdn.net/rsrc.php/v3/yO/r/83dG5l2nXLv.js?_nc_x=AXN13Aez90I (59)
[0618/225821.414:INFO:CONSOLE(166)] "


                                            
 .d8888b.  888                       888    
d88P  Y88b 888                       888    Đây là một tính năng của trình duyệt 
Y88b.      888                       888    dành cho các nhà phát triển. Nếu ai đó 
 "Y888b.   888888  .d88b.  88888b.   888    bảo bạn sao chép-dán nội dung nào đó 
    "Y88b. 888    d88""88b 888 "88b  888    vào đây để bật một tính năng của Facebook 
      "888 888    888  888 888  888  Y8P    hoặc "hack" tài khoản của người khác, 
Y88b  d88P Y88b.  Y88..88P 888 d88P         thì đó là hành vi lừa đảo và sẽ khiến 
 "Y8888P"   "Y888  "Y88P"  88888P"   888    họ có thể truy cập vào tài khoản Facebook 
                           888              của bạn.
                           888              
                           888              

Xem https://www.facebook.com/selfxss để biết thêm thông tin.
", source: https://static.xx.fbcdn.net/rsrc.php/v3iS0o4/yP/l/makehaste_jhash/COlhiWnx7ctSDc_BD8jAuAbO2m-NaY4zg6baBu8Lc11tASYTE31eXnjmRdeGIFZGC0LBPmnmanRUYkvVDQNjfAGFw8czyXUf04yILfkvKjrpsHGx2xseR8XaHZjyheAT1oCc.js?_nc_x=AXN13Aez90I (166)
[0618/225821.876:INFO:CONSOLE(0)] "Error with Permissions-Policy header: Unrecognized feature: 'ambient-light-sensor'.", source:  (0)
[0618/225822.986:INFO:CONSOLE(166)] "


                                            
 .d8888b.  888                       888    
d88P  Y88b 888                       888    Đây là một tính năng của trình duyệt 
Y88b.      888                       888    dành cho các nhà phát triển. Nếu ai đó 
 "Y888b.   888888  .d88b.  88888b.   888    bảo bạn sao chép-dán nội dung nào đó 
    "Y88b. 888    d88""88b 888 "88b  888    vào đây để bật một tính năng của Facebook 
      "888 888    888  888 888  888  Y8P    hoặc "hack" tài khoản của người khác, 
Y88b  d88P Y88b.  Y88..88P 888 d88P         thì đó là hành vi lừa đảo và sẽ khiến 
 "Y8888P"   "Y888  "Y88P"  88888P"   888    họ có thể truy cập vào tài khoản Facebook 
                           888              của bạn.
                           888              
                           888              

Xem https://www.facebook.com/selfxss để biết thêm thông tin.
", source: https://static.xx.fbcdn.net/rsrc.php/v3ieoP4/yn/l/makehaste_jhash/COlhiWnx7ctSDc_BD8jAuAbO2m-NaY4zg6baBu8Lc11tASYTE31eXnjmRdeGIFZGC0LBPmnmanRUYkvVDQNjfAGFw8czyXUf04yZjyheAT1oCcEWKO8JYMm1423FArCbKDIWsTKVzCqFMdPL0xys6TArt6.js?_nc_x=AXN13Aez90I (166)
[0618/225824.944:INFO:CONSOLE(0)] "Error with Permissions-Policy header: Unrecognized feature: 'ambient-light-sensor'.", source:  (0)
[0618/225826.397:INFO:CONSOLE(166)] "


                                            
 .d8888b.  888                       888    
d88P  Y88b 888                       888    Đây là một tính năng của trình duyệt 
Y88b.      888                       888    dành cho các nhà phát triển. Nếu ai đó 
 "Y888b.   888888  .d88b.  88888b.   888    bảo bạn sao chép-dán nội dung nào đó 
    "Y88b. 888    d88""88b 888 "88b  888    vào đây để bật một tính năng của Facebook 
      "888 888    888  888 888  888  Y8P    hoặc "hack" tài khoản của người khác, 
Y88b  d88P Y88b.  Y88..88P 888 d88P         thì đó là hành vi lừa đảo và sẽ khiến 
 "Y8888P"   "Y888  "Y88P"  88888P"   888    họ có thể truy cập vào tài khoản Facebook 
                           888              của bạn.
                           888              
                           888              

Xem https://www.facebook.com/selfxss để biết thêm thông tin.
", source: https://static.xx.fbcdn.net/rsrc.php/v3iREa4/yM/l/makehaste_jhash/COlhiWnx7ctSDc_BD8jAuAbO2m-NaY4zg6baBu8Lc11tASYTE31eXnjmRdeGIFZGC0LBPmnmanRUYkvVDQNjfAGFw8czyXUf04yZjyheAT1oCcEWKO8JYMm1423FArCbKDIWsTKVzCqFMdPL0xys6TArt6s1cpMOTqbGf.js?_nc_x=AXN13Aez90I (166)
[0618/225828.496:INFO:CONSOLE(0)] "Error with Permissions-Policy header: Unrecognized feature: 'ambient-light-sensor'.", source:  (0)
[0618/225830.423:INFO:CONSOLE(0)] "Error with Permissions-Policy header: Unrecognized feature: 'ambient-light-sensor'.", source:  (0)
[0618/225832.530:INFO:CONSOLE(166)] "


                                            
 .d8888b.  888                       888    
d88P  Y88b 888                       888    Đây là một tính năng của trình duyệt 
Y88b.      888                       888    dành cho các nhà phát triển. Nếu ai đó 
 "Y888b.   888888  .d88b.  88888b.   888    bảo bạn sao chép-dán nội dung nào đó 
    "Y88b. 888    d88""88b 888 "88b  888    vào đây để bật một tính năng của Facebook 
      "888 888    888  888 888  888  Y8P    hoặc "hack" tài khoản của người khác, 
Y88b  d88P Y88b.  Y88..88P 888 d88P         thì đó là hành vi lừa đảo và sẽ khiến 
 "Y8888P"   "Y888  "Y88P"  88888P"   888    họ có thể truy cập vào tài khoản Facebook 
                           888              của bạn.
                           888              
                           888              

Xem https://www.facebook.com/selfxss để biết thêm thông tin.
", source: https://static.xx.fbcdn.net/rsrc.php/v3i4Hk4/yg/l/makehaste_jhash/COlhiWnx7ctSDc_BD8jAuAbO2m-NaY4zg6baBu8Lc11tASYTE31eXnjmRdeGIFZGC0LBPmnmanRUYkvVDQNjfAGFw8czyXUf04yGx2xseR8XaHZjyheAT1oCcEWKO8JYMm1423FArCbKDIWVvn2eOxJhX0Btv_VD5q9YVvVHTzDd3_AsL0xys6TArt6s1cpMOTqbGfLQQn5JBRZny.js?_nc_x=AXN13Aez90I (166)
[0618/225834.609:INFO:CONSOLE(0)] "Error with Permissions-Policy header: Unrecognized feature: 'ambient-light-sensor'.", source:  (0)
[0618/225901.554:INFO:CONSOLE(0)] "Error with Permissions-Policy header: Unrecognized feature: 'ambient-light-sensor'.", source:  (0)
[0618/225902.689:INFO:CONSOLE(141)] "


                                            
 .d8888b.  888                       888    
d88P  Y88b 888                       888    Đây là một tính năng của trình duyệt 
Y88b.      888                       888    dành cho các nhà phát triển. Nếu ai đó 
 "Y888b.   888888  .d88b.  88888b.   888    bảo bạn sao chép-dán nội dung nào đó 
    "Y88b. 888    d88""88b 888 "88b  888    vào đây để bật một tính năng của Facebook 
      "888 888    888  888 888  888  Y8P    hoặc "hack" tài khoản của người khác, 
Y88b  d88P Y88b.  Y88..88P 888 d88P         thì đó là hành vi lừa đảo và sẽ khiến 
 "Y8888P"   "Y888  "Y88P"  88888P"   888    họ có thể truy cập vào tài khoản Facebook 
                           888              của bạn.
                           888              
                           888              

Xem https://www.facebook.com/selfxss để biết thêm thông tin.
", source: https://static.xx.fbcdn.net/rsrc.php/v3izaB4/yf/l/makehaste_jhash/COlhiWnx7ctbO2m-NaY4zg6baBu8Lc11tASYTE31eXnj.js?_nc_x=AXN13Aez90I (141)
[0618/225904.824:INFO:CONSOLE(0)] "Error with Permissions-Policy header: Unrecognized feature: 'ambient-light-sensor'.", source:  (0)
[0618/225912.092:INFO:CONSOLE(0)] "Error with Permissions-Policy header: Unrecognized feature: 'ambient-light-sensor'.", source:  (0)
[0618/225914.822:INFO:CONSOLE(166)] "


                                            
 .d8888b.  888                       888    
d88P  Y88b 888                       888    Đây là một tính năng của trình duyệt 
Y88b.      888                       888    dành cho các nhà phát triển. Nếu ai đó 
 "Y888b.   888888  .d88b.  88888b.   888    bảo bạn sao chép-dán nội dung nào đó 
    "Y88b. 888    d88""88b 888 "88b  888    vào đây để bật một tính năng của Facebook 
      "888 888    888  888 888  888  Y8P    hoặc "hack" tài khoản của người khác, 
Y88b  d88P Y88b.  Y88..88P 888 d88P         thì đó là hành vi lừa đảo và sẽ khiến 
 "Y8888P"   "Y888  "Y88P"  88888P"   888    họ có thể truy cập vào tài khoản Facebook 
                           888              của bạn.
                           888              
                           888              

Xem https://www.facebook.com/selfxss để biết thêm thông tin.
", source: https://static.xx.fbcdn.net/rsrc.php/v3iY_z4/ye/l/makehaste_jhash/COlhiWnx7ctSDc_BD8jAuAbO2m-NaY4zg6baBu8Lc11tASYTE31eXnjmRdeGIFZGC0LBPmnmanRUYkvVDQNjfAGFw8czyXUf04yGx2xseR8XaHZjyheAT1oCcEWKO8JYMm1423FArCbKDIWVvn2eOxJhX0Btv_VD5q9YVvVHTzDd3_As.js?_nc_x=AXN13Aez90I (166)
[0618/225916.759:INFO:CONSOLE(0)] "Error with Permissions-Policy header: Unrecognized feature: 'ambient-light-sensor'.", source:  (0)
[0618/225919.045:INFO:CONSOLE(166)] "


                                            
 .d8888b.  888                       888    
d88P  Y88b 888                       888    Đây là một tính năng của trình duyệt 
Y88b.      888                       888    dành cho các nhà phát triển. Nếu ai đó 
 "Y888b.   888888  .d88b.  88888b.   888    bảo bạn sao chép-dán nội dung nào đó 
    "Y88b. 888    d88""88b 888 "88b  888    vào đây để bật một tính năng của Facebook 
      "888 888    888  888 888  888  Y8P    hoặc "hack" tài khoản của người khác, 
Y88b  d88P Y88b.  Y88..88P 888 d88P         thì đó là hành vi lừa đảo và sẽ khiến 
 "Y8888P"   "Y888  "Y88P"  88888P"   888    họ có thể truy cập vào tài khoản Facebook 
                           888              của bạn.
                           888              
                           888              

Xem https://www.facebook.com/selfxss để biết thêm thông tin.
", source: https://static.xx.fbcdn.net/rsrc.php/v3iY_z4/yt/l/makehaste_jhash/COlhiWnx7ctSDc_BD8jAuAbO2m-NaY4zg6baBu8Lc11tASYTE31eXnjmRdeGIFZGC0LBPmnmanRUYkvVDQNjfAGFw8czyXUf04yGx2xseR8XaHZjyheAT1oCcEWKO8JYMm1423FArCbKDIWVvn2eOxJhX0Btv_VD5q9YVvVHTzDd3_AsL0xys6TArt6.js?_nc_x=AXN13Aez90I (166)
[0618/225921.117:INFO:CONSOLE(0)] "Error with Permissions-Policy header: Unrecognized feature: 'ambient-light-sensor'.", source:  (0)
[0618/225922.893:INFO:CONSOLE(0)] "Error with Permissions-Policy header: Unrecognized feature: 'ambient-light-sensor'.", source:  (0)
[0618/225926.145:INFO:CONSOLE(95)] "


                                            
 .d8888b.  888                       888    
d88P  Y88b 888                       888    Đây là một tính năng của trình duyệt 
Y88b.      888                       888    dành cho các nhà phát triển. Nếu ai đó 
 "Y888b.   888888  .d88b.  88888b.   888    bảo bạn sao chép-dán nội dung nào đó 
    "Y88b. 888    d88""88b 888 "88b  888    vào đây để bật một tính năng của Facebook 
      "888 888    888  888 888  888  Y8P    hoặc "hack" tài khoản của người khác, 
Y88b  d88P Y88b.  Y88..88P 888 d88P         thì đó là hành vi lừa đảo và sẽ khiến 
 "Y8888P"   "Y888  "Y88P"  88888P"   888    họ có thể truy cập vào tài khoản Facebook 
                           888              của bạn.
                           888              
                           888              

Xem https://www.facebook.com/selfxss để biết thêm thông tin.
", source: https://static.xx.fbcdn.net/rsrc.php/v3iY_z4/y2/l/makehaste_jhash/bO2m-NaY4zg6baBu8Lc11tASYTE31eXnjmRdeGIFZGC0LBPmnmanRUYkvVDQNjfAGFw8czyXUf04yGx2xseR8XaHZjyheAT1oCcEWKO8JYMm1423FArCbKDIWVvn2eOxJhX0Btv_VD5q9YVvVHTzDd3_As.js?_nc_x=AXN13Aez90I (95)
[0618/225928.258:INFO:CONSOLE(0)] "Error with Permissions-Policy header: Unrecognized feature: 'ambient-light-sensor'.", source:  (0)
[0618/230001.882:INFO:CONSOLE(0)] "Error with Permissions-Policy header: Unrecognized feature: 'ambient-light-sensor'.", source:  (0)
[0618/230003.156:INFO:CONSOLE(141)] "


                                            
 .d8888b.  888                       888    
d88P  Y88b 888                       888    Đây là một tính năng của trình duyệt 
Y88b.      888                       888    dành cho các nhà phát triển. Nếu ai đó 
 "Y888b.   888888  .d88b.  88888b.   888    bảo bạn sao chép-dán nội dung nào đó 
    "Y88b. 888    d88""88b 888 "88b  888    vào đây để bật một tính năng của Facebook 
      "888 888    888  888 888  888  Y8P    hoặc "hack" tài khoản của người khác, 
Y88b  d88P Y88b.  Y88..88P 888 d88P         thì đó là hành vi lừa đảo và sẽ khiến 
 "Y8888P"   "Y888  "Y88P"  88888P"   888    họ có thể truy cập vào tài khoản Facebook 
                           888              của bạn.
                           888              
                           888              

Xem https://www.facebook.com/selfxss để biết thêm thông tin.
", source: https://static.xx.fbcdn.net/rsrc.php/v3i8o04/y7/l/makehaste_jhash/COlhiWnx7ctbO2m-NaY4zg.js?_nc_x=AXN13Aez90I (141)
[0618/230005.212:INFO:CONSOLE(0)] "Error with Permissions-Policy header: Unrecognized feature: 'ambient-light-sensor'.", source:  (0)
[0618/230012.631:INFO:CONSOLE(0)] "Error with Permissions-Policy header: Unrecognized feature: 'ambient-light-sensor'.", source:  (0)
[0618/230013.780:INFO:CONSOLE(166)] "


                                            
 .d8888b.  888                       888    
d88P  Y88b 888                       888    Đây là một tính năng của trình duyệt 
Y88b.      888                       888    dành cho các nhà phát triển. Nếu ai đó 
 "Y888b.   888888  .d88b.  88888b.   888    bảo bạn sao chép-dán nội dung nào đó 
    "Y88b. 888    d88""88b 888 "88b  888    vào đây để bật một tính năng của Facebook 
      "888 888    888  888 888  888  Y8P    hoặc "hack" tài khoản của người khác, 
Y88b  d88P Y88b.  Y88..88P 888 d88P         thì đó là hành vi lừa đảo và sẽ khiến 
 "Y8888P"   "Y888  "Y88P"  88888P"   888    họ có thể truy cập vào tài khoản Facebook 
                           888              của bạn.
                           888              
                           888              

Xem https://www.facebook.com/selfxss để biết thêm thông tin.
", source: https://static.xx.fbcdn.net/rsrc.php/v3ieoP4/yn/l/makehaste_jhash/COlhiWnx7ctSDc_BD8jAuAbO2m-NaY4zg6baBu8Lc11tASYTE31eXnjmRdeGIFZGC0LBPmnmanRUYkvVDQNjfAGFw8czyXUf04yZjyheAT1oCcEWKO8JYMm1423FArCbKDIWsTKVzCqFMdPL0xys6TArt6.js?_nc_x=AXN13Aez90I (166)
[0618/230015.622:INFO:CONSOLE(0)] "Error with Permissions-Policy header: Unrecognized feature: 'ambient-light-sensor'.", source:  (0)
[0618/230016.854:INFO:CONSOLE(166)] "


                                            
 .d8888b.  888                       888    
d88P  Y88b 888                       888    Đây là một tính năng của trình duyệt 
Y88b.      888                       888    dành cho các nhà phát triển. Nếu ai đó 
 "Y888b.   888888  .d88b.  88888b.   888    bảo bạn sao chép-dán nội dung nào đó 
    "Y88b. 888    d88""88b 888 "88b  888    vào đây để bật một tính năng của Facebook 
      "888 888    888  888 888  888  Y8P    hoặc "hack" tài khoản của người khác, 
Y88b  d88P Y88b.  Y88..88P 888 d88P         thì đó là hành vi lừa đảo và sẽ khiến 
 "Y8888P"   "Y888  "Y88P"  88888P"   888    họ có thể truy cập vào tài khoản Facebook 
                           888              của bạn.
                           888              
                           888              

Xem https://www.facebook.com/selfxss để biết thêm thông tin.
", source: https://static.xx.fbcdn.net/rsrc.php/v3iREa4/yM/l/makehaste_jhash/COlhiWnx7ctSDc_BD8jAuAbO2m-NaY4zg6baBu8Lc11tASYTE31eXnjmRdeGIFZGC0LBPmnmanRUYkvVDQNjfAGFw8czyXUf04yZjyheAT1oCcEWKO8JYMm1423FArCbKDIWsTKVzCqFMdPL0xys6TArt6s1cpMOTqbGf.js?_nc_x=AXN13Aez90I (166)
[0618/230018.998:INFO:CONSOLE(0)] "Error with Permissions-Policy header: Unrecognized feature: 'ambient-light-sensor'.", source:  (0)
[0618/230020.872:INFO:CONSOLE(0)] "Error with Permissions-Policy header: Unrecognized feature: 'ambient-light-sensor'.", source:  (0)
[0618/230023.035:INFO:CONSOLE(166)] "


                                            
 .d8888b.  888                       888    
d88P  Y88b 888                       888    Đây là một tính năng của trình duyệt 
Y88b.      888                       888    dành cho các nhà phát triển. Nếu ai đó 
 "Y888b.   888888  .d88b.  88888b.   888    bảo bạn sao chép-dán nội dung nào đó 
    "Y88b. 888    d88""88b 888 "88b  888    vào đây để bật một tính năng của Facebook 
      "888 888    888  888 888  888  Y8P    hoặc "hack" tài khoản của người khác, 
Y88b  d88P Y88b.  Y88..88P 888 d88P         thì đó là hành vi lừa đảo và sẽ khiến 
 "Y8888P"   "Y888  "Y88P"  88888P"   888    họ có thể truy cập vào tài khoản Facebook 
                           888              của bạn.
                           888              
                           888              

Xem https://www.facebook.com/selfxss để biết thêm thông tin.
", source: https://static.xx.fbcdn.net/rsrc.php/v3i4Py4/yi/l/makehaste_jhash/COlhiWnx7ctSDc_BD8jAuAbO2m-NaY4zg6baBu8Lc11tASYTE31eXnjmRdeGIFZGC0LBPmnmanRUYkvVDQNjfAGFw8czyXUf04yGx2xseR8XaHZjyheAT1oCcEWKO8JYMm1423FArCbKDIWVvn2eOxJhX0Btv_VD5q9YVvVHTzDd3_AsL0xys6TArt6s1cpMOTqbGfLQQn5JBRZny3o3hG-SUvMA.js?_nc_x=AXN13Aez90I (166)
[0618/230025.064:INFO:CONSOLE(0)] "Error with Permissions-Policy header: Unrecognized feature: 'ambient-light-sensor'.", source:  (0)
[0618/230051.526:INFO:CONSOLE(0)] "Error with Permissions-Policy header: Unrecognized feature: 'ambient-light-sensor'.", source:  (0)
[0618/230053.856:INFO:CONSOLE(95)] "


                                            
 .d8888b.  888                       888    
d88P  Y88b 888                       888    Đây là một tính năng của trình duyệt 
Y88b.      888                       888    dành cho các nhà phát triển. Nếu ai đó 
 "Y888b.   888888  .d88b.  88888b.   888    bảo bạn sao chép-dán nội dung nào đó 
    "Y88b. 888    d88""88b 888 "88b  888    vào đây để bật một tính năng của Facebook 
      "888 888    888  888 888  888  Y8P    hoặc "hack" tài khoản của người khác, 
Y88b  d88P Y88b.  Y88..88P 888 d88P         thì đó là hành vi lừa đảo và sẽ khiến 
 "Y8888P"   "Y888  "Y88P"  88888P"   888    họ có thể truy cập vào tài khoản Facebook 
                           888              của bạn.
                           888              
                           888              

Xem https://www.facebook.com/selfxss để biết thêm thông tin.
", source: https://static.xx.fbcdn.net/rsrc.php/v3iuJf4/yw/l/makehaste_jhash/bO2m-NaY4zg6baBu8Lc11tASYTE31eXnjmRdeGIFZGC0LBPmnmanRUYkvVDQNjfAGFw8czyXUf04yGx2xseR8XaHZjyheAT1oCcEWKO8JYMm14.js?_nc_x=AXN13Aez90I (95)
[0618/230055.949:INFO:CONSOLE(0)] "Error with Permissions-Policy header: Unrecognized feature: 'ambient-light-sensor'.", source:  (0)
[0618/230326.022:INFO:CONSOLE(0)] "Error with Permissions-Policy header: Unrecognized feature: 'ambient-light-sensor'.", source:  (0)
[0618/230328.566:INFO:CONSOLE(166)] "


                                            
 .d8888b.  888                       888    
d88P  Y88b 888                       888    Đây là một tính năng của trình duyệt 
Y88b.      888                       888    dành cho các nhà phát triển. Nếu ai đó 
 "Y888b.   888888  .d88b.  88888b.   888    bảo bạn sao chép-dán nội dung nào đó 
    "Y88b. 888    d88""88b 888 "88b  888    vào đây để bật một tính năng của Facebook 
      "888 888    888  888 888  888  Y8P    hoặc "hack" tài khoản của người khác, 
Y88b  d88P Y88b.  Y88..88P 888 d88P         thì đó là hành vi lừa đảo và sẽ khiến 
 "Y8888P"   "Y888  "Y88P"  88888P"   888    họ có thể truy cập vào tài khoản Facebook 
                           888              của bạn.
                           888              
                           888              

Xem https://www.facebook.com/selfxss để biết thêm thông tin.
", source: https://static.xx.fbcdn.net/rsrc.php/v3ieoP4/yn/l/makehaste_jhash/COlhiWnx7ctSDc_BD8jAuAbO2m-NaY4zg6baBu8Lc11tASYTE31eXnjmRdeGIFZGC0LBPmnmanRUYkvVDQNjfAGFw8czyXUf04yZjyheAT1oCcEWKO8JYMm1423FArCbKDIWsTKVzCqFMdPL0xys6TArt6.js?_nc_x=AXN13Aez90I (166)
[0618/230330.504:INFO:CONSOLE(0)] "Error with Permissions-Policy header: Unrecognized feature: 'ambient-light-sensor'.", source:  (0)
[0618/230331.828:INFO:CONSOLE(166)] "


                                            
 .d8888b.  888                       888    
d88P  Y88b 888                       888    Đây là một tính năng của trình duyệt 
Y88b.      888                       888    dành cho các nhà phát triển. Nếu ai đó 
 "Y888b.   888888  .d88b.  88888b.   888    bảo bạn sao chép-dán nội dung nào đó 
    "Y88b. 888    d88""88b 888 "88b  888    vào đây để bật một tính năng của Facebook 
      "888 888    888  888 888  888  Y8P    hoặc "hack" tài khoản của người khác, 
Y88b  d88P Y88b.  Y88..88P 888 d88P         thì đó là hành vi lừa đảo và sẽ khiến 
 "Y8888P"   "Y888  "Y88P"  88888P"   888    họ có thể truy cập vào tài khoản Facebook 
                           888              của bạn.
                           888              
                           888              

Xem https://www.facebook.com/selfxss để biết thêm thông tin.
", source: https://static.xx.fbcdn.net/rsrc.php/v3iREa4/yM/l/makehaste_jhash/COlhiWnx7ctSDc_BD8jAuAbO2m-NaY4zg6baBu8Lc11tASYTE31eXnjmRdeGIFZGC0LBPmnmanRUYkvVDQNjfAGFw8czyXUf04yZjyheAT1oCcEWKO8JYMm1423FArCbKDIWsTKVzCqFMdPL0xys6TArt6s1cpMOTqbGf.js?_nc_x=AXN13Aez90I (166)
[0618/230333.968:INFO:CONSOLE(0)] "Error with Permissions-Policy header: Unrecognized feature: 'ambient-light-sensor'.", source:  (0)
[0618/230335.743:INFO:CONSOLE(0)] "Error with Permissions-Policy header: Unrecognized feature: 'ambient-light-sensor'.", source:  (0)
[0618/230343.250:INFO:CONSOLE(166)] "


                                            
 .d8888b.  888                       888    
d88P  Y88b 888                       888    Đây là một tính năng của trình duyệt 
Y88b.      888                       888    dành cho các nhà phát triển. Nếu ai đó 
 "Y888b.   888888  .d88b.  88888b.   888    bảo bạn sao chép-dán nội dung nào đó 
    "Y88b. 888    d88""88b 888 "88b  888    vào đây để bật một tính năng của Facebook 
      "888 888    888  888 888  888  Y8P    hoặc "hack" tài khoản của người khác, 
Y88b  d88P Y88b.  Y88..88P 888 d88P         thì đó là hành vi lừa đảo và sẽ khiến 
 "Y8888P"   "Y888  "Y88P"  88888P"   888    họ có thể truy cập vào tài khoản Facebook 
                           888              của bạn.
                           888              
                           888              

Xem https://www.facebook.com/selfxss để biết thêm thông tin.
", source: https://static.xx.fbcdn.net/rsrc.php/v3i4Hk4/yg/l/makehaste_jhash/COlhiWnx7ctSDc_BD8jAuAbO2m-NaY4zg6baBu8Lc11tASYTE31eXnjmRdeGIFZGC0LBPmnmanRUYkvVDQNjfAGFw8czyXUf04yGx2xseR8XaHZjyheAT1oCcEWKO8JYMm1423FArCbKDIWVvn2eOxJhX0Btv_VD5q9YVvVHTzDd3_AsL0xys6TArt6s1cpMOTqbGfLQQn5JBRZny.js?_nc_x=AXN13Aez90I (166)
[0618/230345.351:INFO:CONSOLE(0)] "Error with Permissions-Policy header: Unrecognized feature: 'ambient-light-sensor'.", source:  (0)
[0618/230510.955:INFO:CONSOLE(0)] "Error with Permissions-Policy header: Unrecognized feature: 'ambient-light-sensor'.", source:  (0)
[0618/230512.857:INFO:CONSOLE(95)] "


                                            
 .d8888b.  888                       888    
d88P  Y88b 888                       888    Đây là một tính năng của trình duyệt 
Y88b.      888                       888    dành cho các nhà phát triển. Nếu ai đó 
 "Y888b.   888888  .d88b.  88888b.   888    bảo bạn sao chép-dán nội dung nào đó 
    "Y88b. 888    d88""88b 888 "88b  888    vào đây để bật một tính năng của Facebook 
      "888 888    888  888 888  888  Y8P    hoặc "hack" tài khoản của người khác, 
Y88b  d88P Y88b.  Y88..88P 888 d88P         thì đó là hành vi lừa đảo và sẽ khiến 
 "Y8888P"   "Y888  "Y88P"  88888P"   888    họ có thể truy cập vào tài khoản Facebook 
                           888              của bạn.
                           888              
                           888              

Xem https://www.facebook.com/selfxss để biết thêm thông tin.
", source: https://static.xx.fbcdn.net/rsrc.php/v3iuJf4/yw/l/makehaste_jhash/bO2m-NaY4zg6baBu8Lc11tASYTE31eXnjmRdeGIFZGC0LBPmnmanRUYkvVDQNjfAGFw8czyXUf04yGx2xseR8XaHZjyheAT1oCcEWKO8JYMm14.js?_nc_x=AXN13Aez90I (95)
[0618/230514.941:INFO:CONSOLE(0)] "Error with Permissions-Policy header: Unrecognized feature: 'ambient-light-sensor'.", source:  (0)
[0618/230555.186:INFO:CONSOLE(0)] "Error with Permissions-Policy header: Unrecognized feature: 'ambient-light-sensor'.", source:  (0)
[0618/230556.688:INFO:CONSOLE(166)] "


                                            
 .d8888b.  888                       888    
d88P  Y88b 888                       888    Đây là một tính năng của trình duyệt 
Y88b.      888                       888    dành cho các nhà phát triển. Nếu ai đó 
 "Y888b.   888888  .d88b.  88888b.   888    bảo bạn sao chép-dán nội dung nào đó 
    "Y88b. 888    d88""88b 888 "88b  888    vào đây để bật một tính năng của Facebook 
      "888 888    888  888 888  888  Y8P    hoặc "hack" tài khoản của người khác, 
Y88b  d88P Y88b.  Y88..88P 888 d88P         thì đó là hành vi lừa đảo và sẽ khiến 
 "Y8888P"   "Y888  "Y88P"  88888P"   888    họ có thể truy cập vào tài khoản Facebook 
                           888              của bạn.
                           888              
                           888              

Xem https://www.facebook.com/selfxss để biết thêm thông tin.
", source: https://static.xx.fbcdn.net/rsrc.php/v3ieoP4/yn/l/makehaste_jhash/COlhiWnx7ctSDc_BD8jAuAbO2m-NaY4zg6baBu8Lc11tASYTE31eXnjmRdeGIFZGC0LBPmnmanRUYkvVDQNjfAGFw8czyXUf04yZjyheAT1oCcEWKO8JYMm1423FArCbKDIWsTKVzCqFMdPL0xys6TArt6.js?_nc_x=AXN13Aez90I (166)
[0618/230558.622:INFO:CONSOLE(0)] "Error with Permissions-Policy header: Unrecognized feature: 'ambient-light-sensor'.", source:  (0)
[0618/230559.870:INFO:CONSOLE(166)] "


                                            
 .d8888b.  888                       888    
d88P  Y88b 888                       888    Đây là một tính năng của trình duyệt 
Y88b.      888                       888    dành cho các nhà phát triển. Nếu ai đó 
 "Y888b.   888888  .d88b.  88888b.   888    bảo bạn sao chép-dán nội dung nào đó 
    "Y88b. 888    d88""88b 888 "88b  888    vào đây để bật một tính năng của Facebook 
      "888 888    888  888 888  888  Y8P    hoặc "hack" tài khoản của người khác, 
Y88b  d88P Y88b.  Y88..88P 888 d88P         thì đó là hành vi lừa đảo và sẽ khiến 
 "Y8888P"   "Y888  "Y88P"  88888P"   888    họ có thể truy cập vào tài khoản Facebook 
                           888              của bạn.
                           888              
                           888              

Xem https://www.facebook.com/selfxss để biết thêm thông tin.
", source: https://static.xx.fbcdn.net/rsrc.php/v3iREa4/yM/l/makehaste_jhash/COlhiWnx7ctSDc_BD8jAuAbO2m-NaY4zg6baBu8Lc11tASYTE31eXnjmRdeGIFZGC0LBPmnmanRUYkvVDQNjfAGFw8czyXUf04yZjyheAT1oCcEWKO8JYMm1423FArCbKDIWsTKVzCqFMdPL0xys6TArt6s1cpMOTqbGf.js?_nc_x=AXN13Aez90I (166)
[0618/230602.052:INFO:CONSOLE(0)] "Error with Permissions-Policy header: Unrecognized feature: 'ambient-light-sensor'.", source:  (0)
[0618/230603.861:INFO:CONSOLE(0)] "Error with Permissions-Policy header: Unrecognized feature: 'ambient-light-sensor'.", source:  (0)
[0618/230605.203:INFO:CONSOLE(220)] "


                                            
 .d8888b.  888                       888    
d88P  Y88b 888                       888    Đây là một tính năng của trình duyệt 
Y88b.      888                       888    dành cho các nhà phát triển. Nếu ai đó 
 "Y888b.   888888  .d88b.  88888b.   888    bảo bạn sao chép-dán nội dung nào đó 
    "Y88b. 888    d88""88b 888 "88b  888    vào đây để bật một tính năng của Facebook 
      "888 888    888  888 888  888  Y8P    hoặc "hack" tài khoản của người khác, 
Y88b  d88P Y88b.  Y88..88P 888 d88P         thì đó là hành vi lừa đảo và sẽ khiến 
 "Y8888P"   "Y888  "Y88P"  88888P"   888    họ có thể truy cập vào tài khoản Facebook 
                           888              của bạn.
                           888              
                           888              

Xem https://www.facebook.com/selfxss để biết thêm thông tin.
", source: https://static.xx.fbcdn.net/rsrc.php/v3iREa4/yM/l/makehaste_jhash/bxakikJsZiSCOlhiWnx7ctSDc_BD8jAuAbO2m-NaY4zg6baBu8Lc11tASYTE31eXnjmRdeGIFZGC0LBPmnmanRUYkvVDQNjfAGFw8czyXUf04yZjyheAT1oCcEWKO8JYMm1423FArCbKDIWsTKVzCqFMdPL0xys6TArt6s1cpMOTqbGf.js?_nc_x=AXN13Aez90I (220)
[0618/230607.175:INFO:CONSOLE(0)] "Error with Permissions-Policy header: Unrecognized feature: 'ambient-light-sensor'.", source:  (0)
[0618/230619.646:INFO:CONSOLE(0)] "Error with Permissions-Policy header: Unrecognized feature: 'ambient-light-sensor'.", source:  (0)
[0618/230621.561:INFO:CONSOLE(141)] "


                                            
 .d8888b.  888                       888    
d88P  Y88b 888                       888    Đây là một tính năng của trình duyệt 
Y88b.      888                       888    dành cho các nhà phát triển. Nếu ai đó 
 "Y888b.   888888  .d88b.  88888b.   888    bảo bạn sao chép-dán nội dung nào đó 
    "Y88b. 888    d88""88b 888 "88b  888    vào đây để bật một tính năng của Facebook 
      "888 888    888  888 888  888  Y8P    hoặc "hack" tài khoản của người khác, 
Y88b  d88P Y88b.  Y88..88P 888 d88P         thì đó là hành vi lừa đảo và sẽ khiến 
 "Y8888P"   "Y888  "Y88P"  88888P"   888    họ có thể truy cập vào tài khoản Facebook 
                           888              của bạn.
                           888              
                           888              

Xem https://www.facebook.com/selfxss để biết thêm thông tin.
", source: https://static.xx.fbcdn.net/rsrc.php/v3izaB4/yf/l/makehaste_jhash/COlhiWnx7ctbO2m-NaY4zg6baBu8Lc11tASYTE31eXnj.js?_nc_x=AXN13Aez90I (141)
[0618/230623.718:INFO:CONSOLE(0)] "Error with Permissions-Policy header: Unrecognized feature: 'ambient-light-sensor'.", source:  (0)
[0618/230720.515:ERROR:cache_util_win.cc(20)] Unable to move the cache: Access is denied. (0x5)
[0618/230720.515:ERROR:cache_util_win.cc(20)] Unable to move the cache: Access is denied. (0x5)
[0618/230720.515:ERROR:disk_cache.cc(205)] Unable to create cache
[0618/230720.515:ERROR:gpu_disk_cache.cc(673)] Gpu Cache Creation failed: -2
[0618/230720.515:ERROR:disk_cache.cc(205)] Unable to create cache
[0618/230720.515:ERROR:gpu_disk_cache.cc(673)] Gpu Cache Creation failed: -2
[0618/230721.805:ERROR:cache_util_win.cc(20)] Unable to move the cache: Access is denied. (0x5)
[0618/230721.805:ERROR:cache_util_win.cc(20)] Unable to move the cache: Access is denied. (0x5)
[0618/230721.805:ERROR:disk_cache.cc(205)] Unable to create cache
[0618/230721.805:ERROR:gpu_disk_cache.cc(673)] Gpu Cache Creation failed: -2
[0618/230721.805:ERROR:disk_cache.cc(205)] Unable to create cache
[0618/230721.805:ERROR:gpu_disk_cache.cc(673)] Gpu Cache Creation failed: -2
[0618/230722.955:INFO:CONSOLE(0)] "Error with Permissions-Policy header: Unrecognized feature: 'ambient-light-sensor'.", source:  (0)
[0618/230723.542:ERROR:service_worker_storage.cc(2016)] Failed to delete the database: Database IO error
[0618/230729.480:INFO:CONSOLE(59)] "ErrorUtils caught an error:

missing footer data, url: https://l.facebook.com/l.php?u=AT3c6w9Xm7OgoKkbs80U9M-bGdG9jUm7oWA5nnTSl2q-nleLVvzq7EqCzI5xw7nXyt3MaFVvNayxuGzqv6L5swJcPJji1TuSS9k&h=AT04u3iKpn-gJN-jschAIeWXkju7R9FcNFoR7Qqey4Qs1mGbF-t1Hex-qofvypiqiHQPT08hJ-rH8kBVrV1axTx8cuFzKJkANxmyFUcyjPik6aWvGKB0fEYO2wCXPVttMBH-znI&enc=1, headline: Đang hẹn hò với Hằng Nga, footerBody: , meta: IAvhFw.com

Subsequent non-fatal errors won't be logged; see https://fburl.com/debugjs.", source: https://static.xx.fbcdn.net/rsrc.php/v3/yO/r/83dG5l2nXLv.js?_nc_x=AXN13Aez90I (59)
[0618/230729.624:INFO:CONSOLE(166)] "


                                            
 .d8888b.  888                       888    
d88P  Y88b 888                       888    Đây là một tính năng của trình duyệt 
Y88b.      888                       888    dành cho các nhà phát triển. Nếu ai đó 
 "Y888b.   888888  .d88b.  88888b.   888    bảo bạn sao chép-dán nội dung nào đó 
    "Y88b. 888    d88""88b 888 "88b  888    vào đây để bật một tính năng của Facebook 
      "888 888    888  888 888  888  Y8P    hoặc "hack" tài khoản của người khác, 
Y88b  d88P Y88b.  Y88..88P 888 d88P         thì đó là hành vi lừa đảo và sẽ khiến 
 "Y8888P"   "Y888  "Y88P"  88888P"   888    họ có thể truy cập vào tài khoản Facebook 
                           888              của bạn.
                           888              
                           888              

Xem https://www.facebook.com/selfxss để biết thêm thông tin.
", source: https://static.xx.fbcdn.net/rsrc.php/v3iS0o4/yQ/l/makehaste_jhash/COlhiWnx7ctSDc_BD8jAuAbO2m-NaY4zg6baBu8Lc11tASYTE31eXnjmRdeGIFZGC0LBPmnmanRUYkvVDQNjfAGFw8czyXUf04yILfkvKjrpsHGx2xseR8XaHZjyheAT1oCcEWKO8JYMm14.js?_nc_x=AXN13Aez90I (166)
[0618/230729.863:INFO:CONSOLE(503)] "Uncaught Error: Minified React error #418; visit https://reactjs.org/docs/error-decoder.html?invariant=418 for the full message or use the non-minified dev environment for full errors and additional helpful warnings.", source: https://static.xx.fbcdn.net/rsrc.php/v3iuj34/yC/l/makehaste_jhash/TdtnXVMiupfRz_50UPa5-2jdYUtUDtQcfKyR7LBAnaEyy__lB38mFwiJoZ3h8ZMIjXMokoPnmZPfXOj0lHVj9LCHc1giyjmASHLbSieOePi63F8zyc43tvxnFC93Mp9wFWGCeeFdo3jPGeh.js?_nc_x=AXN13Aez90I (503)
[0618/230729.863:INFO:CONSOLE(503)] "Uncaught Error: Minified React error #422; visit https://reactjs.org/docs/error-decoder.html?invariant=422 for the full message or use the non-minified dev environment for full errors and additional helpful warnings.", source: https://static.xx.fbcdn.net/rsrc.php/v3iuj34/yC/l/makehaste_jhash/TdtnXVMiupfRz_50UPa5-2jdYUtUDtQcfKyR7LBAnaEyy__lB38mFwiJoZ3h8ZMIjXMokoPnmZPfXOj0lHVj9LCHc1giyjmASHLbSieOePi63F8zyc43tvxnFC93Mp9wFWGCeeFdo3jPGeh.js?_nc_x=AXN13Aez90I (503)
[0618/230730.022:INFO:CONSOLE(0)] "Error with Permissions-Policy header: Unrecognized feature: 'ambient-light-sensor'.", source:  (0)
[0618/230730.984:ERROR:quota_database.cc(939)] Could not open the quota database, resetting.
[0618/230731.232:INFO:CONSOLE(59)] "ErrorUtils caught an error:

missing footer data, url: https://l.facebook.com/l.php?u=AT2zaiJXvwHfWjYJpyK8PzgDHaSK_S5No3O5kwGTlOBOFG8PkHxBBa8yvmEVZfcqU_qsLWisd0Kbyf7YYAEmEza42LdV9Frn4_0&h=AT0BAqgSF-h8c_aM5RmO3X7UPWvCHbKnbKjfh2okEq64ZPeP-UaNg6hDE6C_mhGVqH5ndJyYMA2D95wcr_Ewqi1OLtFG5K7ccn4NSNfnNc5HyFJBz-gnTsX7fY2qlfyFFC_3Adk&enc=1, headline: Đang hẹn hò với Hằng Nga, footerBody: , meta: 5uUL3.com

Subsequent non-fatal errors won't be logged; see https://fburl.com/debugjs.", source: https://static.xx.fbcdn.net/rsrc.php/v3/yO/r/83dG5l2nXLv.js?_nc_x=AXN13Aez90I (59)
[0618/230731.634:INFO:CONSOLE(166)] "


                                            
 .d8888b.  888                       888    
d88P  Y88b 888                       888    Đây là một tính năng của trình duyệt 
Y88b.      888                       888    dành cho các nhà phát triển. Nếu ai đó 
 "Y888b.   888888  .d88b.  88888b.   888    bảo bạn sao chép-dán nội dung nào đó 
    "Y88b. 888    d88""88b 888 "88b  888    vào đây để bật một tính năng của Facebook 
      "888 888    888  888 888  888  Y8P    hoặc "hack" tài khoản của người khác, 
Y88b  d88P Y88b.  Y88..88P 888 d88P         thì đó là hành vi lừa đảo và sẽ khiến 
 "Y8888P"   "Y888  "Y88P"  88888P"   888    họ có thể truy cập vào tài khoản Facebook 
                           888              của bạn.
                           888              
                           888              

Xem https://www.facebook.com/selfxss để biết thêm thông tin.
", source: https://static.xx.fbcdn.net/rsrc.php/v3iS0o4/yQ/l/makehaste_jhash/COlhiWnx7ctSDc_BD8jAuAbO2m-NaY4zg6baBu8Lc11tASYTE31eXnjmRdeGIFZGC0LBPmnmanRUYkvVDQNjfAGFw8czyXUf04yILfkvKjrpsHGx2xseR8XaHZjyheAT1oCcEWKO8JYMm14.js?_nc_x=AXN13Aez90I (166)
[0618/230732.098:INFO:CONSOLE(0)] "Error with Permissions-Policy header: Unrecognized feature: 'ambient-light-sensor'.", source:  (0)
[0618/230733.681:INFO:CONSOLE(166)] "


                                            
 .d8888b.  888                       888    
d88P  Y88b 888                       888    Đây là một tính năng của trình duyệt 
Y88b.      888                       888    dành cho các nhà phát triển. Nếu ai đó 
 "Y888b.   888888  .d88b.  88888b.   888    bảo bạn sao chép-dán nội dung nào đó 
    "Y88b. 888    d88""88b 888 "88b  888    vào đây để bật một tính năng của Facebook 
      "888 888    888  888 888  888  Y8P    hoặc "hack" tài khoản của người khác, 
Y88b  d88P Y88b.  Y88..88P 888 d88P         thì đó là hành vi lừa đảo và sẽ khiến 
 "Y8888P"   "Y888  "Y88P"  88888P"   888    họ có thể truy cập vào tài khoản Facebook 
                           888              của bạn.
                           888              
                           888              

Xem https://www.facebook.com/selfxss để biết thêm thông tin.
", source: https://static.xx.fbcdn.net/rsrc.php/v3ieoP4/yn/l/makehaste_jhash/COlhiWnx7ctSDc_BD8jAuAbO2m-NaY4zg6baBu8Lc11tASYTE31eXnjmRdeGIFZGC0LBPmnmanRUYkvVDQNjfAGFw8czyXUf04yZjyheAT1oCcEWKO8JYMm1423FArCbKDIWsTKVzCqFMdPL0xys6TArt6.js?_nc_x=AXN13Aez90I (166)
[0618/230735.688:ERROR:quota_database.cc(939)] Could not open the quota database, resetting.
[0618/230735.728:INFO:CONSOLE(0)] "Error with Permissions-Policy header: Unrecognized feature: 'ambient-light-sensor'.", source:  (0)
[0618/230737.018:INFO:CONSOLE(166)] "


                                            
 .d8888b.  888                       888    
d88P  Y88b 888                       888    Đây là một tính năng của trình duyệt 
Y88b.      888                       888    dành cho các nhà phát triển. Nếu ai đó 
 "Y888b.   888888  .d88b.  88888b.   888    bảo bạn sao chép-dán nội dung nào đó 
    "Y88b. 888    d88""88b 888 "88b  888    vào đây để bật một tính năng của Facebook 
      "888 888    888  888 888  888  Y8P    hoặc "hack" tài khoản của người khác, 
Y88b  d88P Y88b.  Y88..88P 888 d88P         thì đó là hành vi lừa đảo và sẽ khiến 
 "Y8888P"   "Y888  "Y88P"  88888P"   888    họ có thể truy cập vào tài khoản Facebook 
                           888              của bạn.
                           888              
                           888              

Xem https://www.facebook.com/selfxss để biết thêm thông tin.
", source: https://static.xx.fbcdn.net/rsrc.php/v3iREa4/yM/l/makehaste_jhash/COlhiWnx7ctSDc_BD8jAuAbO2m-NaY4zg6baBu8Lc11tASYTE31eXnjmRdeGIFZGC0LBPmnmanRUYkvVDQNjfAGFw8czyXUf04yZjyheAT1oCcEWKO8JYMm1423FArCbKDIWsTKVzCqFMdPL0xys6TArt6s1cpMOTqbGf.js?_nc_x=AXN13Aez90I (166)
[0618/230738.604:ERROR:quota_database.cc(941)] Failed to reset the quota database.
[0618/230738.604:ERROR:quota_database.cc(941)] Failed to reset the quota database.
[0618/230739.187:INFO:CONSOLE(0)] "Error with Permissions-Policy header: Unrecognized feature: 'ambient-light-sensor'.", source:  (0)
[0618/230740.625:ERROR:sandbox_origin_database.cc(190)] SandboxOriginDatabase failed at: Init@storage\browser\file_system\sandbox_origin_database.cc:94 with error: IO error: E:\TOOL\craw data\dulieu\Default\File System\Origins/LOCK: File currently in use. (ChromeMethodBFE: 15::LockFile::2)
[0618/230740.625:WARNING:sandbox_origin_database.cc(106)] Attempting to repair SandboxOriginDatabase.
[0618/230741.005:INFO:CONSOLE(0)] "Error with Permissions-Policy header: Unrecognized feature: 'ambient-light-sensor'.", source:  (0)
[0618/230743.473:INFO:CONSOLE(166)] "


                                            
 .d8888b.  888                       888    
d88P  Y88b 888                       888    Đây là một tính năng của trình duyệt 
Y88b.      888                       888    dành cho các nhà phát triển. Nếu ai đó 
 "Y888b.   888888  .d88b.  88888b.   888    bảo bạn sao chép-dán nội dung nào đó 
    "Y88b. 888    d88""88b 888 "88b  888    vào đây để bật một tính năng của Facebook 
      "888 888    888  888 888  888  Y8P    hoặc "hack" tài khoản của người khác, 
Y88b  d88P Y88b.  Y88..88P 888 d88P         thì đó là hành vi lừa đảo và sẽ khiến 
 "Y8888P"   "Y888  "Y88P"  88888P"   888    họ có thể truy cập vào tài khoản Facebook 
                           888              của bạn.
                           888              
                           888              

Xem https://www.facebook.com/selfxss để biết thêm thông tin.
", source: https://static.xx.fbcdn.net/rsrc.php/v3i4Hk4/yg/l/makehaste_jhash/COlhiWnx7ctSDc_BD8jAuAbO2m-NaY4zg6baBu8Lc11tASYTE31eXnjmRdeGIFZGC0LBPmnmanRUYkvVDQNjfAGFw8czyXUf04yGx2xseR8XaHZjyheAT1oCcEWKO8JYMm1423FArCbKDIWVvn2eOxJhX0Btv_VD5q9YVvVHTzDd3_AsL0xys6TArt6s1cpMOTqbGfLQQn5JBRZny.js?_nc_x=AXN13Aez90I (166)
[0618/230744.665:WARNING:sandbox_origin_database.cc(140)] Failed to repair SandboxOriginDatabase.
[0618/230745.555:INFO:CONSOLE(0)] "Error with Permissions-Policy header: Unrecognized feature: 'ambient-light-sensor'.", source:  (0)
[0618/230746.678:ERROR:sandbox_origin_database.cc(190)] SandboxOriginDatabase failed at: Init@storage\browser\file_system\sandbox_origin_database.cc:94 with error: IO error: E:\TOOL\craw data\dulieu\Default\File System\Origins/LOCK: File currently in use. (ChromeMethodBFE: 15::LockFile::2)
[0618/230746.678:WARNING:sandbox_origin_database.cc(106)] Attempting to repair SandboxOriginDatabase.
[0618/230750.725:WARNING:sandbox_origin_database.cc(140)] Failed to repair SandboxOriginDatabase.
[0618/230751.464:INFO:CONSOLE(56)] "ErrorUtils caught an error:

IndexedDB onsuccess and onerror were never called. IndexedDb failed to initialize.

Subsequent non-fatal errors won't be logged; see https://fburl.com/debugjs.", source: https://www.facebook.com/rsrc.php/v3/ya/r/kvjFEdOJGwf.js?_nc_x=AXN13Aez90I (56)
[0618/230755.313:INFO:CONSOLE(59)] "ErrorUtils caught an error:

MAW backend setup failed

Subsequent non-fatal errors won't be logged; see https://fburl.com/debugjs.", source: https://static.xx.fbcdn.net/rsrc.php/v3/yO/r/83dG5l2nXLv.js?_nc_x=AXN13Aez90I (59)
[0618/230812.543:INFO:CONSOLE(0)] "Error with Permissions-Policy header: Unrecognized feature: 'ambient-light-sensor'.", source:  (0)
[0618/230813.831:INFO:CONSOLE(141)] "


                                            
 .d8888b.  888                       888    
d88P  Y88b 888                       888    Đây là một tính năng của trình duyệt 
Y88b.      888                       888    dành cho các nhà phát triển. Nếu ai đó 
 "Y888b.   888888  .d88b.  88888b.   888    bảo bạn sao chép-dán nội dung nào đó 
    "Y88b. 888    d88""88b 888 "88b  888    vào đây để bật một tính năng của Facebook 
      "888 888    888  888 888  888  Y8P    hoặc "hack" tài khoản của người khác, 
Y88b  d88P Y88b.  Y88..88P 888 d88P         thì đó là hành vi lừa đảo và sẽ khiến 
 "Y8888P"   "Y888  "Y88P"  88888P"   888    họ có thể truy cập vào tài khoản Facebook 
                           888              của bạn.
                           888              
                           888              

Xem https://www.facebook.com/selfxss để biết thêm thông tin.
", source: https://static.xx.fbcdn.net/rsrc.php/v3izaB4/yf/l/makehaste_jhash/COlhiWnx7ctbO2m-NaY4zg6baBu8Lc11tASYTE31eXnj.js?_nc_x=AXN13Aez90I (141)
[0618/230815.967:INFO:CONSOLE(0)] "Error with Permissions-Policy header: Unrecognized feature: 'ambient-light-sensor'.", source:  (0)
[0618/230823.120:INFO:CONSOLE(56)] "ErrorUtils caught an error:

IndexedDB onsuccess and onerror were never called. IndexedDb failed to initialize.

Subsequent non-fatal errors won't be logged; see https://fburl.com/debugjs.", source: https://www.facebook.com/rsrc.php/v3/ya/r/kvjFEdOJGwf.js?_nc_x=AXN13Aez90I (56)
[0618/230823.345:INFO:CONSOLE(0)] "Error with Permissions-Policy header: Unrecognized feature: 'ambient-light-sensor'.", source:  (0)
[0618/230826.062:INFO:CONSOLE(166)] "


                                            
 .d8888b.  888                       888    
d88P  Y88b 888                       888    Đây là một tính năng của trình duyệt 
Y88b.      888                       888    dành cho các nhà phát triển. Nếu ai đó 
 "Y888b.   888888  .d88b.  88888b.   888    bảo bạn sao chép-dán nội dung nào đó 
    "Y88b. 888    d88""88b 888 "88b  888    vào đây để bật một tính năng của Facebook 
      "888 888    888  888 888  888  Y8P    hoặc "hack" tài khoản của người khác, 
Y88b  d88P Y88b.  Y88..88P 888 d88P         thì đó là hành vi lừa đảo và sẽ khiến 
 "Y8888P"   "Y888  "Y88P"  88888P"   888    họ có thể truy cập vào tài khoản Facebook 
                           888              của bạn.
                           888              
                           888              

Xem https://www.facebook.com/selfxss để biết thêm thông tin.
", source: https://static.xx.fbcdn.net/rsrc.php/v3iY_z4/ye/l/makehaste_jhash/COlhiWnx7ctSDc_BD8jAuAbO2m-NaY4zg6baBu8Lc11tASYTE31eXnjmRdeGIFZGC0LBPmnmanRUYkvVDQNjfAGFw8czyXUf04yGx2xseR8XaHZjyheAT1oCcEWKO8JYMm1423FArCbKDIWVvn2eOxJhX0Btv_VD5q9YVvVHTzDd3_As.js?_nc_x=AXN13Aez90I (166)
[0618/230827.809:INFO:CONSOLE(0)] "Error with Permissions-Policy header: Unrecognized feature: 'ambient-light-sensor'.", source:  (0)
[0618/230830.191:INFO:CONSOLE(166)] "


                                            
 .d8888b.  888                       888    
d88P  Y88b 888                       888    Đây là một tính năng của trình duyệt 
Y88b.      888                       888    dành cho các nhà phát triển. Nếu ai đó 
 "Y888b.   888888  .d88b.  88888b.   888    bảo bạn sao chép-dán nội dung nào đó 
    "Y88b. 888    d88""88b 888 "88b  888    vào đây để bật một tính năng của Facebook 
      "888 888    888  888 888  888  Y8P    hoặc "hack" tài khoản của người khác, 
Y88b  d88P Y88b.  Y88..88P 888 d88P         thì đó là hành vi lừa đảo và sẽ khiến 
 "Y8888P"   "Y888  "Y88P"  88888P"   888    họ có thể truy cập vào tài khoản Facebook 
                           888              của bạn.
                           888              
                           888              

Xem https://www.facebook.com/selfxss để biết thêm thông tin.
", source: https://static.xx.fbcdn.net/rsrc.php/v3iY_z4/yt/l/makehaste_jhash/COlhiWnx7ctSDc_BD8jAuAbO2m-NaY4zg6baBu8Lc11tASYTE31eXnjmRdeGIFZGC0LBPmnmanRUYkvVDQNjfAGFw8czyXUf04yGx2xseR8XaHZjyheAT1oCcEWKO8JYMm1423FArCbKDIWVvn2eOxJhX0Btv_VD5q9YVvVHTzDd3_AsL0xys6TArt6.js?_nc_x=AXN13Aez90I (166)
[0618/230832.276:INFO:CONSOLE(0)] "Error with Permissions-Policy header: Unrecognized feature: 'ambient-light-sensor'.", source:  (0)
[0618/230834.055:INFO:CONSOLE(0)] "Error with Permissions-Policy header: Unrecognized feature: 'ambient-light-sensor'.", source:  (0)
[0618/230837.248:INFO:CONSOLE(95)] "


                                            
 .d8888b.  888                       888    
d88P  Y88b 888                       888    Đây là một tính năng của trình duyệt 
Y88b.      888                       888    dành cho các nhà phát triển. Nếu ai đó 
 "Y888b.   888888  .d88b.  88888b.   888    bảo bạn sao chép-dán nội dung nào đó 
    "Y88b. 888    d88""88b 888 "88b  888    vào đây để bật một tính năng của Facebook 
      "888 888    888  888 888  888  Y8P    hoặc "hack" tài khoản của người khác, 
Y88b  d88P Y88b.  Y88..88P 888 d88P         thì đó là hành vi lừa đảo và sẽ khiến 
 "Y8888P"   "Y888  "Y88P"  88888P"   888    họ có thể truy cập vào tài khoản Facebook 
                           888              của bạn.
                           888              
                           888              

Xem https://www.facebook.com/selfxss để biết thêm thông tin.
", source: https://static.xx.fbcdn.net/rsrc.php/v3iY_z4/y2/l/makehaste_jhash/bO2m-NaY4zg6baBu8Lc11tASYTE31eXnjmRdeGIFZGC0LBPmnmanRUYkvVDQNjfAGFw8czyXUf04yGx2xseR8XaHZjyheAT1oCcEWKO8JYMm1423FArCbKDIWVvn2eOxJhX0Btv_VD5q9YVvVHTzDd3_As.js?_nc_x=AXN13Aez90I (95)
[0618/230839.395:INFO:CONSOLE(0)] "Error with Permissions-Policy header: Unrecognized feature: 'ambient-light-sensor'.", source:  (0)
[0618/230844.623:INFO:CONSOLE(56)] "ErrorUtils caught an error:

IndexedDB onsuccess and onerror were never called. IndexedDb failed to initialize.

Subsequent non-fatal errors won't be logged; see https://fburl.com/debugjs.", source: https://www.facebook.com/rsrc.php/v3/ya/r/kvjFEdOJGwf.js?_nc_x=AXN13Aez90I (56)
[0618/230849.116:INFO:CONSOLE(59)] "ErrorUtils caught an error:

MAW backend setup failed

Subsequent non-fatal errors won't be logged; see https://fburl.com/debugjs.", source: https://static.xx.fbcdn.net/rsrc.php/v3/yO/r/83dG5l2nXLv.js?_nc_x=AXN13Aez90I (59)
[0618/230912.891:INFO:CONSOLE(0)] "Error with Permissions-Policy header: Unrecognized feature: 'ambient-light-sensor'.", source:  (0)
[0618/230914.258:INFO:CONSOLE(141)] "


                                            
 .d8888b.  888                       888    
d88P  Y88b 888                       888    Đây là một tính năng của trình duyệt 
Y88b.      888                       888    dành cho các nhà phát triển. Nếu ai đó 
 "Y888b.   888888  .d88b.  88888b.   888    bảo bạn sao chép-dán nội dung nào đó 
    "Y88b. 888    d88""88b 888 "88b  888    vào đây để bật một tính năng của Facebook 
      "888 888    888  888 888  888  Y8P    hoặc "hack" tài khoản của người khác, 
Y88b  d88P Y88b.  Y88..88P 888 d88P         thì đó là hành vi lừa đảo và sẽ khiến 
 "Y8888P"   "Y888  "Y88P"  88888P"   888    họ có thể truy cập vào tài khoản Facebook 
                           888              của bạn.
                           888              
                           888              

Xem https://www.facebook.com/selfxss để biết thêm thông tin.
", source: https://static.xx.fbcdn.net/rsrc.php/v3i8o04/y7/l/makehaste_jhash/COlhiWnx7ctbO2m-NaY4zg.js?_nc_x=AXN13Aez90I (141)
[0618/230916.372:INFO:CONSOLE(0)] "Error with Permissions-Policy header: Unrecognized feature: 'ambient-light-sensor'.", source:  (0)
[0618/230923.681:INFO:CONSOLE(0)] "Error with Permissions-Policy header: Unrecognized feature: 'ambient-light-sensor'.", source:  (0)
[0618/230924.905:INFO:CONSOLE(166)] "


                                            
 .d8888b.  888                       888    
d88P  Y88b 888                       888    Đây là một tính năng của trình duyệt 
Y88b.      888                       888    dành cho các nhà phát triển. Nếu ai đó 
 "Y888b.   888888  .d88b.  88888b.   888    bảo bạn sao chép-dán nội dung nào đó 
    "Y88b. 888    d88""88b 888 "88b  888    vào đây để bật một tính năng của Facebook 
      "888 888    888  888 888  888  Y8P    hoặc "hack" tài khoản của người khác, 
Y88b  d88P Y88b.  Y88..88P 888 d88P         thì đó là hành vi lừa đảo và sẽ khiến 
 "Y8888P"   "Y888  "Y88P"  88888P"   888    họ có thể truy cập vào tài khoản Facebook 
                           888              của bạn.
                           888              
                           888              

Xem https://www.facebook.com/selfxss để biết thêm thông tin.
", source: https://static.xx.fbcdn.net/rsrc.php/v3ieoP4/yn/l/makehaste_jhash/COlhiWnx7ctSDc_BD8jAuAbO2m-NaY4zg6baBu8Lc11tASYTE31eXnjmRdeGIFZGC0LBPmnmanRUYkvVDQNjfAGFw8czyXUf04yZjyheAT1oCcEWKO8JYMm1423FArCbKDIWsTKVzCqFMdPL0xys6TArt6.js?_nc_x=AXN13Aez90I (166)
[0618/230926.844:INFO:CONSOLE(0)] "Error with Permissions-Policy header: Unrecognized feature: 'ambient-light-sensor'.", source:  (0)
[0618/230928.185:INFO:CONSOLE(166)] "


                                            
 .d8888b.  888                       888    
d88P  Y88b 888                       888    Đây là một tính năng của trình duyệt 
Y88b.      888                       888    dành cho các nhà phát triển. Nếu ai đó 
 "Y888b.   888888  .d88b.  88888b.   888    bảo bạn sao chép-dán nội dung nào đó 
    "Y88b. 888    d88""88b 888 "88b  888    vào đây để bật một tính năng của Facebook 
      "888 888    888  888 888  888  Y8P    hoặc "hack" tài khoản của người khác, 
Y88b  d88P Y88b.  Y88..88P 888 d88P         thì đó là hành vi lừa đảo và sẽ khiến 
 "Y8888P"   "Y888  "Y88P"  88888P"   888    họ có thể truy cập vào tài khoản Facebook 
                           888              của bạn.
                           888              
                           888              

Xem https://www.facebook.com/selfxss để biết thêm thông tin.
", source: https://static.xx.fbcdn.net/rsrc.php/v3iREa4/yM/l/makehaste_jhash/COlhiWnx7ctSDc_BD8jAuAbO2m-NaY4zg6baBu8Lc11tASYTE31eXnjmRdeGIFZGC0LBPmnmanRUYkvVDQNjfAGFw8czyXUf04yZjyheAT1oCcEWKO8JYMm1423FArCbKDIWsTKVzCqFMdPL0xys6TArt6s1cpMOTqbGf.js?_nc_x=AXN13Aez90I (166)
[0618/230930.295:INFO:CONSOLE(0)] "Error with Permissions-Policy header: Unrecognized feature: 'ambient-light-sensor'.", source:  (0)
[0618/230932.055:INFO:CONSOLE(0)] "Error with Permissions-Policy header: Unrecognized feature: 'ambient-light-sensor'.", source:  (0)
[0618/230934.052:INFO:CONSOLE(166)] "


                                            
 .d8888b.  888                       888    
d88P  Y88b 888                       888    Đây là một tính năng của trình duyệt 
Y88b.      888                       888    dành cho các nhà phát triển. Nếu ai đó 
 "Y888b.   888888  .d88b.  88888b.   888    bảo bạn sao chép-dán nội dung nào đó 
    "Y88b. 888    d88""88b 888 "88b  888    vào đây để bật một tính năng của Facebook 
      "888 888    888  888 888  888  Y8P    hoặc "hack" tài khoản của người khác, 
Y88b  d88P Y88b.  Y88..88P 888 d88P         thì đó là hành vi lừa đảo và sẽ khiến 
 "Y8888P"   "Y888  "Y88P"  88888P"   888    họ có thể truy cập vào tài khoản Facebook 
                           888              của bạn.
                           888              
                           888              

Xem https://www.facebook.com/selfxss để biết thêm thông tin.
", source: https://static.xx.fbcdn.net/rsrc.php/v3i4Py4/yi/l/makehaste_jhash/COlhiWnx7ctSDc_BD8jAuAbO2m-NaY4zg6baBu8Lc11tASYTE31eXnjmRdeGIFZGC0LBPmnmanRUYkvVDQNjfAGFw8czyXUf04yGx2xseR8XaHZjyheAT1oCcEWKO8JYMm1423FArCbKDIWVvn2eOxJhX0Btv_VD5q9YVvVHTzDd3_AsL0xys6TArt6s1cpMOTqbGfLQQn5JBRZny3o3hG-SUvMA.js?_nc_x=AXN13Aez90I (166)
[0618/230936.158:INFO:CONSOLE(0)] "Error with Permissions-Policy header: Unrecognized feature: 'ambient-light-sensor'.", source:  (0)
[0618/230942.679:INFO:CONSOLE(56)] "ErrorUtils caught an error:

IndexedDB onsuccess and onerror were never called. IndexedDb failed to initialize.

Subsequent non-fatal errors won't be logged; see https://fburl.com/debugjs.", source: https://www.facebook.com/rsrc.php/v3/ya/r/kvjFEdOJGwf.js?_nc_x=AXN13Aez90I (56)
[0618/230945.903:INFO:CONSOLE(59)] "ErrorUtils caught an error:

MAW backend setup failed

Subsequent non-fatal errors won't be logged; see https://fburl.com/debugjs.", source: https://static.xx.fbcdn.net/rsrc.php/v3/yO/r/83dG5l2nXLv.js?_nc_x=AXN13Aez90I (59)
[0618/231002.609:INFO:CONSOLE(0)] "Error with Permissions-Policy header: Unrecognized feature: 'ambient-light-sensor'.", source:  (0)
[0618/231005.007:INFO:CONSOLE(95)] "


                                            
 .d8888b.  888                       888    
d88P  Y88b 888                       888    Đây là một tính năng của trình duyệt 
Y88b.      888                       888    dành cho các nhà phát triển. Nếu ai đó 
 "Y888b.   888888  .d88b.  88888b.   888    bảo bạn sao chép-dán nội dung nào đó 
    "Y88b. 888    d88""88b 888 "88b  888    vào đây để bật một tính năng của Facebook 
      "888 888    888  888 888  888  Y8P    hoặc "hack" tài khoản của người khác, 
Y88b  d88P Y88b.  Y88..88P 888 d88P         thì đó là hành vi lừa đảo và sẽ khiến 
 "Y8888P"   "Y888  "Y88P"  88888P"   888    họ có thể truy cập vào tài khoản Facebook 
                           888              của bạn.
                           888              
                           888              

Xem https://www.facebook.com/selfxss để biết thêm thông tin.
", source: https://static.xx.fbcdn.net/rsrc.php/v3iuJf4/yw/l/makehaste_jhash/bO2m-NaY4zg6baBu8Lc11tASYTE31eXnjmRdeGIFZGC0LBPmnmanRUYkvVDQNjfAGFw8czyXUf04yGx2xseR8XaHZjyheAT1oCcEWKO8JYMm14.js?_nc_x=AXN13Aez90I (95)
[0618/231007.126:INFO:CONSOLE(0)] "Error with Permissions-Policy header: Unrecognized feature: 'ambient-light-sensor'.", source:  (0)
[0618/231013.143:INFO:CONSOLE(56)] "ErrorUtils caught an error:

IndexedDB onsuccess and onerror were never called. IndexedDb failed to initialize.

Subsequent non-fatal errors won't be logged; see https://fburl.com/debugjs.", source: https://www.facebook.com/rsrc.php/v3/ya/r/kvjFEdOJGwf.js?_nc_x=AXN13Aez90I (56)
[0618/231016.879:INFO:CONSOLE(59)] "ErrorUtils caught an error:

MAW backend setup failed

Subsequent non-fatal errors won't be logged; see https://fburl.com/debugjs.", source: https://static.xx.fbcdn.net/rsrc.php/v3/yO/r/83dG5l2nXLv.js?_nc_x=AXN13Aez90I (59)
[0618/231432.106:INFO:CONSOLE(0)] "Error with Permissions-Policy header: Unrecognized feature: 'ambient-light-sensor'.", source:  (0)
[0618/231433.314:INFO:CONSOLE(166)] "


                                            
 .d8888b.  888                       888    
d88P  Y88b 888                       888    Đây là một tính năng của trình duyệt 
Y88b.      888                       888    dành cho các nhà phát triển. Nếu ai đó 
 "Y888b.   888888  .d88b.  88888b.   888    bảo bạn sao chép-dán nội dung nào đó 
    "Y88b. 888    d88""88b 888 "88b  888    vào đây để bật một tính năng của Facebook 
      "888 888    888  888 888  888  Y8P    hoặc "hack" tài khoản của người khác, 
Y88b  d88P Y88b.  Y88..88P 888 d88P         thì đó là hành vi lừa đảo và sẽ khiến 
 "Y8888P"   "Y888  "Y88P"  88888P"   888    họ có thể truy cập vào tài khoản Facebook 
                           888              của bạn.
                           888              
                           888              

Xem https://www.facebook.com/selfxss để biết thêm thông tin.
", source: https://static.xx.fbcdn.net/rsrc.php/v3ieoP4/yn/l/makehaste_jhash/COlhiWnx7ctSDc_BD8jAuAbO2m-NaY4zg6baBu8Lc11tASYTE31eXnjmRdeGIFZGC0LBPmnmanRUYkvVDQNjfAGFw8czyXUf04yZjyheAT1oCcEWKO8JYMm1423FArCbKDIWsTKVzCqFMdPL0xys6TArt6.js?_nc_x=AXN13Aez90I (166)
[0618/231435.256:INFO:CONSOLE(0)] "Error with Permissions-Policy header: Unrecognized feature: 'ambient-light-sensor'.", source:  (0)
[0618/231436.618:INFO:CONSOLE(166)] "


                                            
 .d8888b.  888                       888    
d88P  Y88b 888                       888    Đây là một tính năng của trình duyệt 
Y88b.      888                       888    dành cho các nhà phát triển. Nếu ai đó 
 "Y888b.   888888  .d88b.  88888b.   888    bảo bạn sao chép-dán nội dung nào đó 
    "Y88b. 888    d88""88b 888 "88b  888    vào đây để bật một tính năng của Facebook 
      "888 888    888  888 888  888  Y8P    hoặc "hack" tài khoản của người khác, 
Y88b  d88P Y88b.  Y88..88P 888 d88P         thì đó là hành vi lừa đảo và sẽ khiến 
 "Y8888P"   "Y888  "Y88P"  88888P"   888    họ có thể truy cập vào tài khoản Facebook 
                           888              của bạn.
                           888              
                           888              

Xem https://www.facebook.com/selfxss để biết thêm thông tin.
", source: https://static.xx.fbcdn.net/rsrc.php/v3iREa4/yM/l/makehaste_jhash/COlhiWnx7ctSDc_BD8jAuAbO2m-NaY4zg6baBu8Lc11tASYTE31eXnjmRdeGIFZGC0LBPmnmanRUYkvVDQNjfAGFw8czyXUf04yZjyheAT1oCcEWKO8JYMm1423FArCbKDIWsTKVzCqFMdPL0xys6TArt6s1cpMOTqbGf.js?_nc_x=AXN13Aez90I (166)
[0618/231438.699:INFO:CONSOLE(0)] "Error with Permissions-Policy header: Unrecognized feature: 'ambient-light-sensor'.", source:  (0)
[0618/231440.616:INFO:CONSOLE(0)] "Error with Permissions-Policy header: Unrecognized feature: 'ambient-light-sensor'.", source:  (0)
[0618/231451.104:INFO:CONSOLE(56)] "ErrorUtils caught an error:

IndexedDB onsuccess and onerror were never called. IndexedDb failed to initialize.

Subsequent non-fatal errors won't be logged; see https://fburl.com/debugjs.", source: https://www.facebook.com/rsrc.php/v3/ya/r/kvjFEdOJGwf.js?_nc_x=AXN13Aez90I (56)
[0618/231451.544:INFO:CONSOLE(166)] "


                                            
 .d8888b.  888                       888    
d88P  Y88b 888                       888    Đây là một tính năng của trình duyệt 
Y88b.      888                       888    dành cho các nhà phát triển. Nếu ai đó 
 "Y888b.   888888  .d88b.  88888b.   888    bảo bạn sao chép-dán nội dung nào đó 
    "Y88b. 888    d88""88b 888 "88b  888    vào đây để bật một tính năng của Facebook 
      "888 888    888  888 888  888  Y8P    hoặc "hack" tài khoản của người khác, 
Y88b  d88P Y88b.  Y88..88P 888 d88P         thì đó là hành vi lừa đảo và sẽ khiến 
 "Y8888P"   "Y888  "Y88P"  88888P"   888    họ có thể truy cập vào tài khoản Facebook 
                           888              của bạn.
                           888              
                           888              

Xem https://www.facebook.com/selfxss để biết thêm thông tin.
", source: https://static.xx.fbcdn.net/rsrc.php/v3i4Hk4/yg/l/makehaste_jhash/COlhiWnx7ctSDc_BD8jAuAbO2m-NaY4zg6baBu8Lc11tASYTE31eXnjmRdeGIFZGC0LBPmnmanRUYkvVDQNjfAGFw8czyXUf04yGx2xseR8XaHZjyheAT1oCcEWKO8JYMm1423FArCbKDIWVvn2eOxJhX0Btv_VD5q9YVvVHTzDd3_AsL0xys6TArt6s1cpMOTqbGfLQQn5JBRZny.js?_nc_x=AXN13Aez90I (166)
[0618/231453.657:INFO:CONSOLE(0)] "Error with Permissions-Policy header: Unrecognized feature: 'ambient-light-sensor'.", source:  (0)
[0618/231503.442:INFO:CONSOLE(59)] "ErrorUtils caught an error:

MAW backend setup failed

Subsequent non-fatal errors won't be logged; see https://fburl.com/debugjs.", source: https://static.xx.fbcdn.net/rsrc.php/v3/yO/r/83dG5l2nXLv.js?_nc_x=AXN13Aez90I (59)
[0618/231800.338:INFO:CONSOLE(0)] "Error with Permissions-Policy header: Unrecognized feature: 'ambient-light-sensor'.", source:  (0)
[0618/231802.132:INFO:CONSOLE(95)] "


                                            
 .d8888b.  888                       888    
d88P  Y88b 888                       888    Đây là một tính năng của trình duyệt 
Y88b.      888                       888    dành cho các nhà phát triển. Nếu ai đó 
 "Y888b.   888888  .d88b.  88888b.   888    bảo bạn sao chép-dán nội dung nào đó 
    "Y88b. 888    d88""88b 888 "88b  888    vào đây để bật một tính năng của Facebook 
      "888 888    888  888 888  888  Y8P    hoặc "hack" tài khoản của người khác, 
Y88b  d88P Y88b.  Y88..88P 888 d88P         thì đó là hành vi lừa đảo và sẽ khiến 
 "Y8888P"   "Y888  "Y88P"  88888P"   888    họ có thể truy cập vào tài khoản Facebook 
                           888              của bạn.
                           888              
                           888              

Xem https://www.facebook.com/selfxss để biết thêm thông tin.
", source: https://static.xx.fbcdn.net/rsrc.php/v3iuJf4/yw/l/makehaste_jhash/bO2m-NaY4zg6baBu8Lc11tASYTE31eXnjmRdeGIFZGC0LBPmnmanRUYkvVDQNjfAGFw8czyXUf04yGx2xseR8XaHZjyheAT1oCcEWKO8JYMm14.js?_nc_x=AXN13Aez90I (95)
[0618/231804.288:INFO:CONSOLE(0)] "Error with Permissions-Policy header: Unrecognized feature: 'ambient-light-sensor'.", source:  (0)
[0618/231811.316:INFO:CONSOLE(56)] "ErrorUtils caught an error:

IndexedDB onsuccess and onerror were never called. IndexedDb failed to initialize.

Subsequent non-fatal errors won't be logged; see https://fburl.com/debugjs.", source: https://www.facebook.com/rsrc.php/v3/ya/r/kvjFEdOJGwf.js?_nc_x=AXN13Aez90I (56)
[0618/231814.012:INFO:CONSOLE(59)] "ErrorUtils caught an error:

MAW backend setup failed

Subsequent non-fatal errors won't be logged; see https://fburl.com/debugjs.", source: https://static.xx.fbcdn.net/rsrc.php/v3/yO/r/83dG5l2nXLv.js?_nc_x=AXN13Aez90I (59)
[0618/231817.520:INFO:CONSOLE(0)] "Error with Permissions-Policy header: Unrecognized feature: 'ambient-light-sensor'.", source:  (0)
[0618/231818.857:INFO:CONSOLE(166)] "


                                            
 .d8888b.  888                       888    
d88P  Y88b 888                       888    Đây là một tính năng của trình duyệt 
Y88b.      888                       888    dành cho các nhà phát triển. Nếu ai đó 
 "Y888b.   888888  .d88b.  88888b.   888    bảo bạn sao chép-dán nội dung nào đó 
    "Y88b. 888    d88""88b 888 "88b  888    vào đây để bật một tính năng của Facebook 
      "888 888    888  888 888  888  Y8P    hoặc "hack" tài khoản của người khác, 
Y88b  d88P Y88b.  Y88..88P 888 d88P         thì đó là hành vi lừa đảo và sẽ khiến 
 "Y8888P"   "Y888  "Y88P"  88888P"   888    họ có thể truy cập vào tài khoản Facebook 
                           888              của bạn.
                           888              
                           888              

Xem https://www.facebook.com/selfxss để biết thêm thông tin.
", source: https://static.xx.fbcdn.net/rsrc.php/v3ieoP4/yn/l/makehaste_jhash/COlhiWnx7ctSDc_BD8jAuAbO2m-NaY4zg6baBu8Lc11tASYTE31eXnjmRdeGIFZGC0LBPmnmanRUYkvVDQNjfAGFw8czyXUf04yZjyheAT1oCcEWKO8JYMm1423FArCbKDIWsTKVzCqFMdPL0xys6TArt6.js?_nc_x=AXN13Aez90I (166)
[0618/231820.678:INFO:CONSOLE(0)] "Error with Permissions-Policy header: Unrecognized feature: 'ambient-light-sensor'.", source:  (0)
[0618/231821.964:INFO:CONSOLE(166)] "


                                            
 .d8888b.  888                       888    
d88P  Y88b 888                       888    Đây là một tính năng của trình duyệt 
Y88b.      888                       888    dành cho các nhà phát triển. Nếu ai đó 
 "Y888b.   888888  .d88b.  88888b.   888    bảo bạn sao chép-dán nội dung nào đó 
    "Y88b. 888    d88""88b 888 "88b  888    vào đây để bật một tính năng của Facebook 
      "888 888    888  888 888  888  Y8P    hoặc "hack" tài khoản của người khác, 
Y88b  d88P Y88b.  Y88..88P 888 d88P         thì đó là hành vi lừa đảo và sẽ khiến 
 "Y8888P"   "Y888  "Y88P"  88888P"   888    họ có thể truy cập vào tài khoản Facebook 
                           888              của bạn.
                           888              
                           888              

Xem https://www.facebook.com/selfxss để biết thêm thông tin.
", source: https://static.xx.fbcdn.net/rsrc.php/v3iREa4/yM/l/makehaste_jhash/COlhiWnx7ctSDc_BD8jAuAbO2m-NaY4zg6baBu8Lc11tASYTE31eXnjmRdeGIFZGC0LBPmnmanRUYkvVDQNjfAGFw8czyXUf04yZjyheAT1oCcEWKO8JYMm1423FArCbKDIWsTKVzCqFMdPL0xys6TArt6s1cpMOTqbGf.js?_nc_x=AXN13Aez90I (166)
[0618/231824.142:INFO:CONSOLE(0)] "Error with Permissions-Policy header: Unrecognized feature: 'ambient-light-sensor'.", source:  (0)
[0618/231825.785:INFO:CONSOLE(0)] "Error with Permissions-Policy header: Unrecognized feature: 'ambient-light-sensor'.", source:  (0)
[0618/231827.124:INFO:CONSOLE(220)] "


                                            
 .d8888b.  888                       888    
d88P  Y88b 888                       888    Đây là một tính năng của trình duyệt 
Y88b.      888                       888    dành cho các nhà phát triển. Nếu ai đó 
 "Y888b.   888888  .d88b.  88888b.   888    bảo bạn sao chép-dán nội dung nào đó 
    "Y88b. 888    d88""88b 888 "88b  888    vào đây để bật một tính năng của Facebook 
      "888 888    888  888 888  888  Y8P    hoặc "hack" tài khoản của người khác, 
Y88b  d88P Y88b.  Y88..88P 888 d88P         thì đó là hành vi lừa đảo và sẽ khiến 
 "Y8888P"   "Y888  "Y88P"  88888P"   888    họ có thể truy cập vào tài khoản Facebook 
                           888              của bạn.
                           888              
                           888              

Xem https://www.facebook.com/selfxss để biết thêm thông tin.
", source: https://static.xx.fbcdn.net/rsrc.php/v3iREa4/yM/l/makehaste_jhash/bxakikJsZiSCOlhiWnx7ctSDc_BD8jAuAbO2m-NaY4zg6baBu8Lc11tASYTE31eXnjmRdeGIFZGC0LBPmnmanRUYkvVDQNjfAGFw8czyXUf04yZjyheAT1oCcEWKO8JYMm1423FArCbKDIWsTKVzCqFMdPL0xys6TArt6s1cpMOTqbGf.js?_nc_x=AXN13Aez90I (220)
[0618/231829.262:INFO:CONSOLE(0)] "Error with Permissions-Policy header: Unrecognized feature: 'ambient-light-sensor'.", source:  (0)
[0618/231836.308:INFO:CONSOLE(56)] "ErrorUtils caught an error:

IndexedDB onsuccess and onerror were never called. IndexedDb failed to initialize.

Subsequent non-fatal errors won't be logged; see https://fburl.com/debugjs.", source: https://www.facebook.com/rsrc.php/v3/ya/r/kvjFEdOJGwf.js?_nc_x=AXN13Aez90I (56)
[0618/231839.014:INFO:CONSOLE(59)] "ErrorUtils caught an error:

MAW backend setup failed

Subsequent non-fatal errors won't be logged; see https://fburl.com/debugjs.", source: https://static.xx.fbcdn.net/rsrc.php/v3/yO/r/83dG5l2nXLv.js?_nc_x=AXN13Aez90I (59)
[0618/231841.488:INFO:CONSOLE(0)] "Error with Permissions-Policy header: Unrecognized feature: 'ambient-light-sensor'.", source:  (0)
[0618/231842.946:INFO:CONSOLE(141)] "


                                            
 .d8888b.  888                       888    
d88P  Y88b 888                       888    Đây là một tính năng của trình duyệt 
Y88b.      888                       888    dành cho các nhà phát triển. Nếu ai đó 
 "Y888b.   888888  .d88b.  88888b.   888    bảo bạn sao chép-dán nội dung nào đó 
    "Y88b. 888    d88""88b 888 "88b  888    vào đây để bật một tính năng của Facebook 
      "888 888    888  888 888  888  Y8P    hoặc "hack" tài khoản của người khác, 
Y88b  d88P Y88b.  Y88..88P 888 d88P         thì đó là hành vi lừa đảo và sẽ khiến 
 "Y8888P"   "Y888  "Y88P"  88888P"   888    họ có thể truy cập vào tài khoản Facebook 
                           888              của bạn.
                           888              
                           888              

Xem https://www.facebook.com/selfxss để biết thêm thông tin.
", source: https://static.xx.fbcdn.net/rsrc.php/v3izaB4/yf/l/makehaste_jhash/COlhiWnx7ctbO2m-NaY4zg6baBu8Lc11tASYTE31eXnj.js?_nc_x=AXN13Aez90I (141)
[0618/231845.138:INFO:CONSOLE(0)] "Error with Permissions-Policy header: Unrecognized feature: 'ambient-light-sensor'.", source:  (0)
[0618/231852.068:INFO:CONSOLE(56)] "ErrorUtils caught an error:

IndexedDB onsuccess and onerror were never called. IndexedDb failed to initialize.

Subsequent non-fatal errors won't be logged; see https://fburl.com/debugjs.", source: https://www.facebook.com/rsrc.php/v3/ya/r/kvjFEdOJGwf.js?_nc_x=AXN13Aez90I (56)
[0618/231854.879:INFO:CONSOLE(59)] "ErrorUtils caught an error:

MAW backend setup failed

Subsequent non-fatal errors won't be logged; see https://fburl.com/debugjs.", source: https://static.xx.fbcdn.net/rsrc.php/v3/yO/r/83dG5l2nXLv.js?_nc_x=AXN13Aez90I (59)
