[19032:4568:0618/191402.165:WARNING:chrome_main_delegate.cc(593)] This is Chrome version 114.0.5735.134 (not a warning)
[19032:4568:0618/191402.203:INFO:chrome_browser_cloud_management_controller.cc(167)] Starting CBCM Controller Initialization
[19032:4568:0618/191402.203:INFO:chrome_browser_cloud_management_controller.cc(195)] No machine level policy manager exists.
[19032:17376:0618/191402.240:ERROR:network_sandbox.cc(76)] Failed to delete file e:\TOOL\craw data\dulieu\Default\Cookies: The process cannot access the file because it is being used by another process. (0x20)
[19032:17376:0618/191402.240:ERROR:network_sandbox.cc(92)] Failed to delete file e:\TOOL\craw data\dulieu\Default\Cookies-journal: The process cannot access the file because it is being used by another process. (0x20)
[19032:4568:0618/191402.320:ERROR:network_service_instance_impl.cc(279)] Encountered error while migrating network context data or granting sandbox access for e:\TOOL\craw data\dulieu\Default\Network. Result: 4: The operation completed successfully. (0x0)
[19032:17376:0618/191402.338:ERROR:cache_util_win.cc(20)] Unable to move the cache: Access is denied. (0x5)
[19032:11988:0618/191402.338:ERROR:cache_util_win.cc(20)] Unable to move the cache: Access is denied. (0x5)
[19032:4568:0618/191402.341:ERROR:disk_cache.cc(205)] Unable to create cache
[19032:4568:0618/191402.346:ERROR:gpu_disk_cache.cc(673)] Gpu Cache Creation failed: -2
[19032:4568:0618/191402.347:ERROR:disk_cache.cc(205)] Unable to create cache
[19032:4568:0618/191402.347:ERROR:gpu_disk_cache.cc(673)] Gpu Cache Creation failed: -2
[19032:4568:0618/191403.415:INFO:CONSOLE(0)] "Error with Permissions-Policy header: Unrecognized feature: 'ambient-light-sensor'.", source:  (0)
[19032:4568:0618/191408.987:INFO:CONSOLE(233)] "
%cDừng lại! font-family:helvetica; font-size:20px; font-size:50px; font-weight:bold; color:red; -webkit-text-stroke:1px black;", source: https://static.xx.fbcdn.net/rsrc.php/v3/yO/r/83dG5l2nXLv.js?_nc_x=NH4Boodfaf- (233)
[19032:4568:0618/191408.987:INFO:CONSOLE(233)] "
%cĐây là một tính năng của trình duyệt dành cho các nhà phát triển. Nếu ai đó bảo bạn sao chép-dán nội dung nào đó vào đây để bật một tính năng của Facebook hoặc "hack" tài khoản của người khác, thì đó là hành vi lừa đảo và sẽ khiến họ có thể truy cập vào tài khoản Facebook của bạn. font-family:helvetica; font-size:20px; ", source: https://static.xx.fbcdn.net/rsrc.php/v3/yO/r/83dG5l2nXLv.js?_nc_x=NH4Boodfaf- (233)
[19032:4568:0618/191408.987:INFO:CONSOLE(233)] "
%cXem https://www.facebook.com/selfxss để biết thêm thông tin. font-family:helvetica; font-size:20px; ", source: https://static.xx.fbcdn.net/rsrc.php/v3/yO/r/83dG5l2nXLv.js?_nc_x=NH4Boodfaf- (233)
[19032:4568:0618/191408.987:INFO:CONSOLE(233)] "
%c ", source: https://static.xx.fbcdn.net/rsrc.php/v3/yO/r/83dG5l2nXLv.js?_nc_x=NH4Boodfaf- (233)
[19032:4568:0618/191409.345:INFO:CONSOLE(0)] "Error with Permissions-Policy header: Unrecognized feature: 'ambient-light-sensor'.", source:  (0)
[19032:8288:0618/191409.843:ERROR:quota_database.cc(939)] Could not open the quota database, resetting.
[19032:4568:0618/191411.548:INFO:CONSOLE(233)] "
%cDừng lại! font-family:helvetica; font-size:20px; font-size:50px; font-weight:bold; color:red; -webkit-text-stroke:1px black;", source: https://static.xx.fbcdn.net/rsrc.php/v3/yO/r/83dG5l2nXLv.js?_nc_x=NH4Boodfaf- (233)
[19032:4568:0618/191411.548:INFO:CONSOLE(233)] "
%cĐây là một tính năng của trình duyệt dành cho các nhà phát triển. Nếu ai đó bảo bạn sao chép-dán nội dung nào đó vào đây để bật một tính năng của Facebook hoặc "hack" tài khoản của người khác, thì đó là hành vi lừa đảo và sẽ khiến họ có thể truy cập vào tài khoản Facebook của bạn. font-family:helvetica; font-size:20px; ", source: https://static.xx.fbcdn.net/rsrc.php/v3/yO/r/83dG5l2nXLv.js?_nc_x=NH4Boodfaf- (233)
[19032:4568:0618/191411.548:INFO:CONSOLE(233)] "
%cXem https://www.facebook.com/selfxss để biết thêm thông tin. font-family:helvetica; font-size:20px; ", source: https://static.xx.fbcdn.net/rsrc.php/v3/yO/r/83dG5l2nXLv.js?_nc_x=NH4Boodfaf- (233)
[19032:4568:0618/191411.548:INFO:CONSOLE(233)] "
%c ", source: https://static.xx.fbcdn.net/rsrc.php/v3/yO/r/83dG5l2nXLv.js?_nc_x=NH4Boodfaf- (233)
[19032:4568:0618/191412.001:INFO:CONSOLE(0)] "Error with Permissions-Policy header: Unrecognized feature: 'ambient-light-sensor'.", source:  (0)
[19032:4568:0618/191413.240:INFO:CONSOLE(233)] "
%cDừng lại! font-family:helvetica; font-size:20px; font-size:50px; font-weight:bold; color:red; -webkit-text-stroke:1px black;", source: https://static.xx.fbcdn.net/rsrc.php/v3/yO/r/83dG5l2nXLv.js?_nc_x=NH4Boodfaf- (233)
[19032:4568:0618/191413.240:INFO:CONSOLE(233)] "
%cĐây là một tính năng của trình duyệt dành cho các nhà phát triển. Nếu ai đó bảo bạn sao chép-dán nội dung nào đó vào đây để bật một tính năng của Facebook hoặc "hack" tài khoản của người khác, thì đó là hành vi lừa đảo và sẽ khiến họ có thể truy cập vào tài khoản Facebook của bạn. font-family:helvetica; font-size:20px; ", source: https://static.xx.fbcdn.net/rsrc.php/v3/yO/r/83dG5l2nXLv.js?_nc_x=NH4Boodfaf- (233)
[19032:4568:0618/191413.240:INFO:CONSOLE(233)] "
%cXem https://www.facebook.com/selfxss để biết thêm thông tin. font-family:helvetica; font-size:20px; ", source: https://static.xx.fbcdn.net/rsrc.php/v3/yO/r/83dG5l2nXLv.js?_nc_x=NH4Boodfaf- (233)
[19032:4568:0618/191413.240:INFO:CONSOLE(233)] "
%c ", source: https://static.xx.fbcdn.net/rsrc.php/v3/yO/r/83dG5l2nXLv.js?_nc_x=NH4Boodfaf- (233)
[19032:8288:0618/191414.011:ERROR:quota_database.cc(939)] Could not open the quota database, resetting.
[19032:4568:0618/191415.180:INFO:CONSOLE(0)] "Error with Permissions-Policy header: Unrecognized feature: 'ambient-light-sensor'.", source:  (0)
[19032:4568:0618/191416.452:INFO:CONSOLE(233)] "
%cDừng lại! font-family:helvetica; font-size:20px; font-size:50px; font-weight:bold; color:red; -webkit-text-stroke:1px black;", source: https://static.xx.fbcdn.net/rsrc.php/v3/yO/r/83dG5l2nXLv.js?_nc_x=NH4Boodfaf- (233)
[19032:4568:0618/191416.452:INFO:CONSOLE(233)] "
%cĐây là một tính năng của trình duyệt dành cho các nhà phát triển. Nếu ai đó bảo bạn sao chép-dán nội dung nào đó vào đây để bật một tính năng của Facebook hoặc "hack" tài khoản của người khác, thì đó là hành vi lừa đảo và sẽ khiến họ có thể truy cập vào tài khoản Facebook của bạn. font-family:helvetica; font-size:20px; ", source: https://static.xx.fbcdn.net/rsrc.php/v3/yO/r/83dG5l2nXLv.js?_nc_x=NH4Boodfaf- (233)
[19032:4568:0618/191416.452:INFO:CONSOLE(233)] "
%cXem https://www.facebook.com/selfxss để biết thêm thông tin. font-family:helvetica; font-size:20px; ", source: https://static.xx.fbcdn.net/rsrc.php/v3/yO/r/83dG5l2nXLv.js?_nc_x=NH4Boodfaf- (233)
[19032:4568:0618/191416.452:INFO:CONSOLE(233)] "
%c ", source: https://static.xx.fbcdn.net/rsrc.php/v3/yO/r/83dG5l2nXLv.js?_nc_x=NH4Boodfaf- (233)
[19032:8288:0618/191416.835:ERROR:quota_database.cc(941)] Failed to reset the quota database.
[19032:8288:0618/191416.835:ERROR:quota_database.cc(941)] Failed to reset the quota database.
[19032:4568:0618/191418.534:INFO:CONSOLE(0)] "Error with Permissions-Policy header: Unrecognized feature: 'ambient-light-sensor'.", source:  (0)
[19032:16716:0618/191418.847:ERROR:sandbox_origin_database.cc(190)] SandboxOriginDatabase failed at: Init@storage\browser\file_system\sandbox_origin_database.cc:94 with error: IO error: e:\TOOL\craw data\dulieu\Default\File System\Origins/LOCK: File currently in use. (ChromeMethodBFE: 15::LockFile::2)
[19032:16716:0618/191418.847:WARNING:sandbox_origin_database.cc(106)] Attempting to repair SandboxOriginDatabase.
[19032:4568:0618/191420.384:INFO:CONSOLE(0)] "Error with Permissions-Policy header: Unrecognized feature: 'ambient-light-sensor'.", source:  (0)
[19032:16716:0618/191422.876:WARNING:sandbox_origin_database.cc(140)] Failed to repair SandboxOriginDatabase.
[19032:4568:0618/191422.968:INFO:CONSOLE(233)] "
%cDừng lại! font-family:helvetica; font-size:20px; font-size:50px; font-weight:bold; color:red; -webkit-text-stroke:1px black;", source: https://static.xx.fbcdn.net/rsrc.php/v3/yO/r/83dG5l2nXLv.js?_nc_x=NH4Boodfaf- (233)
[19032:4568:0618/191422.968:INFO:CONSOLE(233)] "
%cĐây là một tính năng của trình duyệt dành cho các nhà phát triển. Nếu ai đó bảo bạn sao chép-dán nội dung nào đó vào đây để bật một tính năng của Facebook hoặc "hack" tài khoản của người khác, thì đó là hành vi lừa đảo và sẽ khiến họ có thể truy cập vào tài khoản Facebook của bạn. font-family:helvetica; font-size:20px; ", source: https://static.xx.fbcdn.net/rsrc.php/v3/yO/r/83dG5l2nXLv.js?_nc_x=NH4Boodfaf- (233)
[19032:4568:0618/191422.968:INFO:CONSOLE(233)] "
%cXem https://www.facebook.com/selfxss để biết thêm thông tin. font-family:helvetica; font-size:20px; ", source: https://static.xx.fbcdn.net/rsrc.php/v3/yO/r/83dG5l2nXLv.js?_nc_x=NH4Boodfaf- (233)
[19032:4568:0618/191422.968:INFO:CONSOLE(233)] "
%c ", source: https://static.xx.fbcdn.net/rsrc.php/v3/yO/r/83dG5l2nXLv.js?_nc_x=NH4Boodfaf- (233)
[19032:16716:0618/191424.890:ERROR:sandbox_origin_database.cc(190)] SandboxOriginDatabase failed at: Init@storage\browser\file_system\sandbox_origin_database.cc:94 with error: IO error: e:\TOOL\craw data\dulieu\Default\File System\Origins/LOCK: File currently in use. (ChromeMethodBFE: 15::LockFile::2)
[19032:16716:0618/191424.890:WARNING:sandbox_origin_database.cc(106)] Attempting to repair SandboxOriginDatabase.
[19032:4568:0618/191424.997:INFO:CONSOLE(0)] "Error with Permissions-Policy header: Unrecognized feature: 'ambient-light-sensor'.", source:  (0)
[19032:16716:0618/191428.909:WARNING:sandbox_origin_database.cc(140)] Failed to repair SandboxOriginDatabase.
[19032:4568:0618/191430.899:INFO:CONSOLE(56)] "ErrorUtils caught an error:

IndexedDB onsuccess and onerror were never called. IndexedDb failed to initialize.

Subsequent non-fatal errors won't be logged; see https://fburl.com/debugjs.", source: https://www.facebook.com/rsrc.php/v3/yk/r/7yvchOjJrFY.js?_nc_x=NH4Boodfaf- (56)
[19032:16716:0618/191430.926:ERROR:sandbox_origin_database.cc(190)] SandboxOriginDatabase failed at: Init@storage\browser\file_system\sandbox_origin_database.cc:94 with error: IO error: e:\TOOL\craw data\dulieu\Default\File System\Origins/LOCK: File currently in use. (ChromeMethodBFE: 15::LockFile::2)
[19032:16716:0618/191430.926:WARNING:sandbox_origin_database.cc(106)] Attempting to repair SandboxOriginDatabase.
[19032:4568:0618/191434.777:INFO:CONSOLE(59)] "ErrorUtils caught an error:

MAW backend setup failed

Subsequent non-fatal errors won't be logged; see https://fburl.com/debugjs.", source: https://static.xx.fbcdn.net/rsrc.php/v3/yO/r/83dG5l2nXLv.js?_nc_x=NH4Boodfaf- (59)
[19032:16716:0618/191434.961:WARNING:sandbox_origin_database.cc(140)] Failed to repair SandboxOriginDatabase.
[19032:4568:0618/191434.963:INFO:CONSOLE(56)] "Uncaught Error: Can not create job db: Internal error.", source: https://www.facebook.com/rsrc.php/v3/yk/r/7yvchOjJrFY.js?_nc_x=NH4Boodfaf- (56)
[19032:4568:0618/191434.963:INFO:CONSOLE(56)] "Uncaught Error: Can not create job db: Internal error.", source: https://www.facebook.com/rsrc.php/v3/yk/r/7yvchOjJrFY.js?_nc_x=NH4Boodfaf- (56)
[19032:4568:0618/191443.403:INFO:CONSOLE(0)] "Error with Permissions-Policy header: Unrecognized feature: 'ambient-light-sensor'.", source:  (0)
[19032:4568:0618/191443.937:INFO:CONSOLE(56)] "ErrorUtils caught an error:

Can not create job db: Internal error.

Subsequent non-fatal errors won't be logged; see https://fburl.com/debugjs.", source: https://www.facebook.com/rsrc.php/v3/yk/r/7yvchOjJrFY.js?_nc_x=NH4Boodfaf- (56)
[19032:4568:0618/191443.940:INFO:CONSOLE(59)] "ErrorUtils caught an error:

[MAWWebWorkerSingletonAsync: Dedicated Worker]: "Uncaught Error: Can not create job db: Internal error.":56:17338:https://www.facebook.com/rsrc.php/v3/yk/r/7yvchOjJrFY.js?_nc_x=NH4Boodfaf-

Subsequent non-fatal errors won't be logged; see https://fburl.com/debugjs.", source: https://static.xx.fbcdn.net/rsrc.php/v3/yO/r/83dG5l2nXLv.js?_nc_x=NH4Boodfaf- (59)
[19032:4568:0618/191443.940:INFO:CONSOLE(56)] "Uncaught Error: Can not create job db: Internal error.", source: https://www.facebook.com/rsrc.php/v3/yk/r/7yvchOjJrFY.js?_nc_x=NH4Boodfaf- (56)
[19032:4568:0618/191443.940:INFO:CONSOLE(56)] "Uncaught Error: Can not create job db: Internal error.", source: https://www.facebook.com/rsrc.php/v3/yk/r/7yvchOjJrFY.js?_nc_x=NH4Boodfaf- (56)
[19032:4568:0618/191444.763:INFO:CONSOLE(233)] "
%cDừng lại! font-family:helvetica; font-size:20px; font-size:50px; font-weight:bold; color:red; -webkit-text-stroke:1px black;", source: https://static.xx.fbcdn.net/rsrc.php/v3/yO/r/83dG5l2nXLv.js?_nc_x=NH4Boodfaf- (233)
[19032:4568:0618/191444.763:INFO:CONSOLE(233)] "
%cĐây là một tính năng của trình duyệt dành cho các nhà phát triển. Nếu ai đó bảo bạn sao chép-dán nội dung nào đó vào đây để bật một tính năng của Facebook hoặc "hack" tài khoản của người khác, thì đó là hành vi lừa đảo và sẽ khiến họ có thể truy cập vào tài khoản Facebook của bạn. font-family:helvetica; font-size:20px; ", source: https://static.xx.fbcdn.net/rsrc.php/v3/yO/r/83dG5l2nXLv.js?_nc_x=NH4Boodfaf- (233)
[19032:4568:0618/191444.763:INFO:CONSOLE(233)] "
%cXem https://www.facebook.com/selfxss để biết thêm thông tin. font-family:helvetica; font-size:20px; ", source: https://static.xx.fbcdn.net/rsrc.php/v3/yO/r/83dG5l2nXLv.js?_nc_x=NH4Boodfaf- (233)
[19032:4568:0618/191444.763:INFO:CONSOLE(233)] "
%c ", source: https://static.xx.fbcdn.net/rsrc.php/v3/yO/r/83dG5l2nXLv.js?_nc_x=NH4Boodfaf- (233)
[19032:4568:0618/191446.633:INFO:CONSOLE(0)] "Error with Permissions-Policy header: Unrecognized feature: 'ambient-light-sensor'.", source:  (0)
[19032:4568:0618/191447.135:INFO:CONSOLE(56)] "ErrorUtils caught an error:

Can not create job db: Internal error.

Subsequent non-fatal errors won't be logged; see https://fburl.com/debugjs.", source: https://www.facebook.com/rsrc.php/v3/yk/r/7yvchOjJrFY.js?_nc_x=NH4Boodfaf- (56)
[19032:4568:0618/191447.137:INFO:CONSOLE(59)] "ErrorUtils caught an error:

[MAWWebWorkerSingletonAsync: Dedicated Worker]: "Uncaught Error: Can not create job db: Internal error.":56:17338:https://www.facebook.com/rsrc.php/v3/yk/r/7yvchOjJrFY.js?_nc_x=NH4Boodfaf-

Subsequent non-fatal errors won't be logged; see https://fburl.com/debugjs.", source: https://static.xx.fbcdn.net/rsrc.php/v3/yO/r/83dG5l2nXLv.js?_nc_x=NH4Boodfaf- (59)
[19032:4568:0618/191447.137:INFO:CONSOLE(56)] "Uncaught Error: Can not create job db: Internal error.", source: https://www.facebook.com/rsrc.php/v3/yk/r/7yvchOjJrFY.js?_nc_x=NH4Boodfaf- (56)
[19032:4568:0618/191447.137:INFO:CONSOLE(56)] "Uncaught Error: Can not create job db: Internal error.", source: https://www.facebook.com/rsrc.php/v3/yk/r/7yvchOjJrFY.js?_nc_x=NH4Boodfaf- (56)
[19032:4568:0618/191447.828:INFO:CONSOLE(233)] "
%cDừng lại! font-family:helvetica; font-size:20px; font-size:50px; font-weight:bold; color:red; -webkit-text-stroke:1px black;", source: https://static.xx.fbcdn.net/rsrc.php/v3/yO/r/83dG5l2nXLv.js?_nc_x=NH4Boodfaf- (233)
[19032:4568:0618/191447.828:INFO:CONSOLE(233)] "
%cĐây là một tính năng của trình duyệt dành cho các nhà phát triển. Nếu ai đó bảo bạn sao chép-dán nội dung nào đó vào đây để bật một tính năng của Facebook hoặc "hack" tài khoản của người khác, thì đó là hành vi lừa đảo và sẽ khiến họ có thể truy cập vào tài khoản Facebook của bạn. font-family:helvetica; font-size:20px; ", source: https://static.xx.fbcdn.net/rsrc.php/v3/yO/r/83dG5l2nXLv.js?_nc_x=NH4Boodfaf- (233)
[19032:4568:0618/191447.828:INFO:CONSOLE(233)] "
%cXem https://www.facebook.com/selfxss để biết thêm thông tin. font-family:helvetica; font-size:20px; ", source: https://static.xx.fbcdn.net/rsrc.php/v3/yO/r/83dG5l2nXLv.js?_nc_x=NH4Boodfaf- (233)
[19032:4568:0618/191447.828:INFO:CONSOLE(233)] "
%c ", source: https://static.xx.fbcdn.net/rsrc.php/v3/yO/r/83dG5l2nXLv.js?_nc_x=NH4Boodfaf- (233)
[19032:4568:0618/191452.440:INFO:CONSOLE(0)] "Error with Permissions-Policy header: Unrecognized feature: 'ambient-light-sensor'.", source:  (0)
[19032:4568:0618/191452.897:INFO:CONSOLE(0)] "Error with Permissions-Policy header: Unrecognized feature: 'ambient-light-sensor'.", source:  (0)
[19032:4568:0618/191453.419:INFO:CONSOLE(56)] "ErrorUtils caught an error:

Can not create job db: Internal error.

Subsequent non-fatal errors won't be logged; see https://fburl.com/debugjs.", source: https://www.facebook.com/rsrc.php/v3/yk/r/7yvchOjJrFY.js?_nc_x=NH4Boodfaf- (56)
[19032:4568:0618/191453.420:INFO:CONSOLE(59)] "ErrorUtils caught an error:

[MAWWebWorkerSingletonAsync: Dedicated Worker]: "Uncaught Error: Can not create job db: Internal error.":56:17338:https://www.facebook.com/rsrc.php/v3/yk/r/7yvchOjJrFY.js?_nc_x=NH4Boodfaf-

Subsequent non-fatal errors won't be logged; see https://fburl.com/debugjs.", source: https://static.xx.fbcdn.net/rsrc.php/v3/yO/r/83dG5l2nXLv.js?_nc_x=NH4Boodfaf- (59)
[19032:4568:0618/191453.420:INFO:CONSOLE(56)] "Uncaught Error: Can not create job db: Internal error.", source: https://www.facebook.com/rsrc.php/v3/yk/r/7yvchOjJrFY.js?_nc_x=NH4Boodfaf- (56)
[19032:4568:0618/191453.420:INFO:CONSOLE(56)] "Uncaught Error: Can not create job db: Internal error.", source: https://www.facebook.com/rsrc.php/v3/yk/r/7yvchOjJrFY.js?_nc_x=NH4Boodfaf- (56)
[19032:4568:0618/191501.452:INFO:CONSOLE(233)] "
%cDừng lại! font-family:helvetica; font-size:20px; font-size:50px; font-weight:bold; color:red; -webkit-text-stroke:1px black;", source: https://static.xx.fbcdn.net/rsrc.php/v3/yO/r/83dG5l2nXLv.js?_nc_x=NH4Boodfaf- (233)
[19032:4568:0618/191501.453:INFO:CONSOLE(233)] "
%cĐây là một tính năng của trình duyệt dành cho các nhà phát triển. Nếu ai đó bảo bạn sao chép-dán nội dung nào đó vào đây để bật một tính năng của Facebook hoặc "hack" tài khoản của người khác, thì đó là hành vi lừa đảo và sẽ khiến họ có thể truy cập vào tài khoản Facebook của bạn. font-family:helvetica; font-size:20px; ", source: https://static.xx.fbcdn.net/rsrc.php/v3/yO/r/83dG5l2nXLv.js?_nc_x=NH4Boodfaf- (233)
[19032:4568:0618/191501.453:INFO:CONSOLE(233)] "
%cXem https://www.facebook.com/selfxss để biết thêm thông tin. font-family:helvetica; font-size:20px; ", source: https://static.xx.fbcdn.net/rsrc.php/v3/yO/r/83dG5l2nXLv.js?_nc_x=NH4Boodfaf- (233)
[19032:4568:0618/191501.453:INFO:CONSOLE(233)] "
%c ", source: https://static.xx.fbcdn.net/rsrc.php/v3/yO/r/83dG5l2nXLv.js?_nc_x=NH4Boodfaf- (233)
[19032:4568:0618/191503.466:INFO:CONSOLE(0)] "Error with Permissions-Policy header: Unrecognized feature: 'ambient-light-sensor'.", source:  (0)
[19032:4568:0618/191545.327:INFO:CONSOLE(0)] "Error with Permissions-Policy header: Unrecognized feature: 'ambient-light-sensor'.", source:  (0)
[19032:4568:0618/191546.043:INFO:CONSOLE(56)] "ErrorUtils caught an error:

Can not create job db: Internal error.

Subsequent non-fatal errors won't be logged; see https://fburl.com/debugjs.", source: https://www.facebook.com/rsrc.php/v3/yk/r/7yvchOjJrFY.js?_nc_x=NH4Boodfaf- (56)
[19032:4568:0618/191546.045:INFO:CONSOLE(59)] "ErrorUtils caught an error:

[MAWWebWorkerSingletonAsync: Dedicated Worker]: "Uncaught Error: Can not create job db: Internal error.":56:17338:https://www.facebook.com/rsrc.php/v3/yk/r/7yvchOjJrFY.js?_nc_x=NH4Boodfaf-

Subsequent non-fatal errors won't be logged; see https://fburl.com/debugjs.", source: https://static.xx.fbcdn.net/rsrc.php/v3/yO/r/83dG5l2nXLv.js?_nc_x=NH4Boodfaf- (59)
[19032:4568:0618/191546.046:INFO:CONSOLE(56)] "Uncaught Error: Can not create job db: Internal error.", source: https://www.facebook.com/rsrc.php/v3/yk/r/7yvchOjJrFY.js?_nc_x=NH4Boodfaf- (56)
[19032:4568:0618/191546.048:INFO:CONSOLE(56)] "Uncaught Error: Can not create job db: Internal error.", source: https://www.facebook.com/rsrc.php/v3/yk/r/7yvchOjJrFY.js?_nc_x=NH4Boodfaf- (56)
[19032:4568:0618/191546.807:INFO:CONSOLE(233)] "
%cDừng lại! font-family:helvetica; font-size:20px; font-size:50px; font-weight:bold; color:red; -webkit-text-stroke:1px black;", source: https://static.xx.fbcdn.net/rsrc.php/v3/yO/r/83dG5l2nXLv.js?_nc_x=NH4Boodfaf- (233)
[19032:4568:0618/191546.807:INFO:CONSOLE(233)] "
%cĐây là một tính năng của trình duyệt dành cho các nhà phát triển. Nếu ai đó bảo bạn sao chép-dán nội dung nào đó vào đây để bật một tính năng của Facebook hoặc "hack" tài khoản của người khác, thì đó là hành vi lừa đảo và sẽ khiến họ có thể truy cập vào tài khoản Facebook của bạn. font-family:helvetica; font-size:20px; ", source: https://static.xx.fbcdn.net/rsrc.php/v3/yO/r/83dG5l2nXLv.js?_nc_x=NH4Boodfaf- (233)
[19032:4568:0618/191546.807:INFO:CONSOLE(233)] "
%cXem https://www.facebook.com/selfxss để biết thêm thông tin. font-family:helvetica; font-size:20px; ", source: https://static.xx.fbcdn.net/rsrc.php/v3/yO/r/83dG5l2nXLv.js?_nc_x=NH4Boodfaf- (233)
[19032:4568:0618/191546.807:INFO:CONSOLE(233)] "
%c ", source: https://static.xx.fbcdn.net/rsrc.php/v3/yO/r/83dG5l2nXLv.js?_nc_x=NH4Boodfaf- (233)
[19032:4568:0618/191548.708:INFO:CONSOLE(0)] "Error with Permissions-Policy header: Unrecognized feature: 'ambient-light-sensor'.", source:  (0)
[19032:4568:0618/191549.236:INFO:CONSOLE(56)] "ErrorUtils caught an error:

Can not create job db: Internal error.

Subsequent non-fatal errors won't be logged; see https://fburl.com/debugjs.", source: https://www.facebook.com/rsrc.php/v3/yk/r/7yvchOjJrFY.js?_nc_x=NH4Boodfaf- (56)
[19032:4568:0618/191549.238:INFO:CONSOLE(59)] "ErrorUtils caught an error:

[MAWWebWorkerSingletonAsync: Dedicated Worker]: "Uncaught Error: Can not create job db: Internal error.":56:17338:https://www.facebook.com/rsrc.php/v3/yk/r/7yvchOjJrFY.js?_nc_x=NH4Boodfaf-

Subsequent non-fatal errors won't be logged; see https://fburl.com/debugjs.", source: https://static.xx.fbcdn.net/rsrc.php/v3/yO/r/83dG5l2nXLv.js?_nc_x=NH4Boodfaf- (59)
[19032:4568:0618/191549.238:INFO:CONSOLE(56)] "Uncaught Error: Can not create job db: Internal error.", source: https://www.facebook.com/rsrc.php/v3/yk/r/7yvchOjJrFY.js?_nc_x=NH4Boodfaf- (56)
[19032:4568:0618/191549.238:INFO:CONSOLE(56)] "Uncaught Error: Can not create job db: Internal error.", source: https://www.facebook.com/rsrc.php/v3/yk/r/7yvchOjJrFY.js?_nc_x=NH4Boodfaf- (56)
[19032:4568:0618/191549.858:INFO:CONSOLE(233)] "
%cDừng lại! font-family:helvetica; font-size:20px; font-size:50px; font-weight:bold; color:red; -webkit-text-stroke:1px black;", source: https://static.xx.fbcdn.net/rsrc.php/v3/yO/r/83dG5l2nXLv.js?_nc_x=NH4Boodfaf- (233)
[19032:4568:0618/191549.858:INFO:CONSOLE(233)] "
%cĐây là một tính năng của trình duyệt dành cho các nhà phát triển. Nếu ai đó bảo bạn sao chép-dán nội dung nào đó vào đây để bật một tính năng của Facebook hoặc "hack" tài khoản của người khác, thì đó là hành vi lừa đảo và sẽ khiến họ có thể truy cập vào tài khoản Facebook của bạn. font-family:helvetica; font-size:20px; ", source: https://static.xx.fbcdn.net/rsrc.php/v3/yO/r/83dG5l2nXLv.js?_nc_x=NH4Boodfaf- (233)
[19032:4568:0618/191549.858:INFO:CONSOLE(233)] "
%cXem https://www.facebook.com/selfxss để biết thêm thông tin. font-family:helvetica; font-size:20px; ", source: https://static.xx.fbcdn.net/rsrc.php/v3/yO/r/83dG5l2nXLv.js?_nc_x=NH4Boodfaf- (233)
[19032:4568:0618/191549.858:INFO:CONSOLE(233)] "
%c ", source: https://static.xx.fbcdn.net/rsrc.php/v3/yO/r/83dG5l2nXLv.js?_nc_x=NH4Boodfaf- (233)
[19032:4568:0618/191552.788:INFO:CONSOLE(0)] "Error with Permissions-Policy header: Unrecognized feature: 'ambient-light-sensor'.", source:  (0)
[19032:4568:0618/191554.530:INFO:CONSOLE(0)] "Error with Permissions-Policy header: Unrecognized feature: 'ambient-light-sensor'.", source:  (0)
[19032:4568:0618/191555.065:INFO:CONSOLE(56)] "ErrorUtils caught an error:

Can not create job db: Internal error.

Subsequent non-fatal errors won't be logged; see https://fburl.com/debugjs.", source: https://www.facebook.com/rsrc.php/v3/yk/r/7yvchOjJrFY.js?_nc_x=NH4Boodfaf- (56)
[19032:4568:0618/191555.067:INFO:CONSOLE(59)] "ErrorUtils caught an error:

[MAWWebWorkerSingletonAsync: Dedicated Worker]: "Uncaught Error: Can not create job db: Internal error.":56:17338:https://www.facebook.com/rsrc.php/v3/yk/r/7yvchOjJrFY.js?_nc_x=NH4Boodfaf-

Subsequent non-fatal errors won't be logged; see https://fburl.com/debugjs.", source: https://static.xx.fbcdn.net/rsrc.php/v3/yO/r/83dG5l2nXLv.js?_nc_x=NH4Boodfaf- (59)
[19032:4568:0618/191555.067:INFO:CONSOLE(56)] "Uncaught Error: Can not create job db: Internal error.", source: https://www.facebook.com/rsrc.php/v3/yk/r/7yvchOjJrFY.js?_nc_x=NH4Boodfaf- (56)
[19032:4568:0618/191555.067:INFO:CONSOLE(56)] "Uncaught Error: Can not create job db: Internal error.", source: https://www.facebook.com/rsrc.php/v3/yk/r/7yvchOjJrFY.js?_nc_x=NH4Boodfaf- (56)
[19032:4568:0618/191555.825:INFO:CONSOLE(233)] "
%cDừng lại! font-family:helvetica; font-size:20px; font-size:50px; font-weight:bold; color:red; -webkit-text-stroke:1px black;", source: https://static.xx.fbcdn.net/rsrc.php/v3/yO/r/83dG5l2nXLv.js?_nc_x=NH4Boodfaf- (233)
[19032:4568:0618/191555.825:INFO:CONSOLE(233)] "
%cĐây là một tính năng của trình duyệt dành cho các nhà phát triển. Nếu ai đó bảo bạn sao chép-dán nội dung nào đó vào đây để bật một tính năng của Facebook hoặc "hack" tài khoản của người khác, thì đó là hành vi lừa đảo và sẽ khiến họ có thể truy cập vào tài khoản Facebook của bạn. font-family:helvetica; font-size:20px; ", source: https://static.xx.fbcdn.net/rsrc.php/v3/yO/r/83dG5l2nXLv.js?_nc_x=NH4Boodfaf- (233)
[19032:4568:0618/191555.825:INFO:CONSOLE(233)] "
%cXem https://www.facebook.com/selfxss để biết thêm thông tin. font-family:helvetica; font-size:20px; ", source: https://static.xx.fbcdn.net/rsrc.php/v3/yO/r/83dG5l2nXLv.js?_nc_x=NH4Boodfaf- (233)
[19032:4568:0618/191555.825:INFO:CONSOLE(233)] "
%c ", source: https://static.xx.fbcdn.net/rsrc.php/v3/yO/r/83dG5l2nXLv.js?_nc_x=NH4Boodfaf- (233)
[19032:4568:0618/191557.958:INFO:CONSOLE(0)] "Error with Permissions-Policy header: Unrecognized feature: 'ambient-light-sensor'.", source:  (0)
[19032:2136:0618/191812.580:WARNING:page_discarding_helper.cc(129)] Discarding multiple pages with target (kb): 0
[19032:2136:0618/191817.591:WARNING:page_discarding_helper.cc(129)] Discarding multiple pages with target (kb): 0
[19032:2136:0618/191822.593:WARNING:page_discarding_helper.cc(129)] Discarding multiple pages with target (kb): 0
[19032:8288:0618/191832.609:WARNING:page_discarding_helper.cc(129)] Discarding multiple pages with target (kb): 0
[19032:2136:0618/191842.629:WARNING:page_discarding_helper.cc(129)] Discarding multiple pages with target (kb): 0
[19032:2136:0618/191922.688:WARNING:page_discarding_helper.cc(129)] Discarding multiple pages with target (kb): 0
[19032:4568:0618/192241.807:WARNING:pref_notifier_impl.cc(41)] Pref observer for media_router.cast_allow_all_ips found at shutdown.
